/home/tgrinev/jax_muzero/vec_env/shmem_vec_env.py:18: DeprecationWarning: `np.bool` is a deprecated alias for the builtin `bool`. To silence this warning, use `bool` by itself. Doing this will not modify any behavior and is safe. If you specifically wanted the numpy scalar type, use `np.bool_` here.
Deprecated in NumPy 1.20; for more details and guidance: https://numpy.org/devdocs/release/1.20.0-notes.html#deprecations
  np.bool: ctypes.c_bool}
/opt/software/python/anaconda/2021_11/lib/python3.9/site-packages/flatbuffers/compat.py:19: DeprecationWarning: the imp module is deprecated in favour of importlib; see the module's documentation for alternative uses
  import imp
[2m[36m(pid=431385)[0m /home/tgrinev/jax_muzero/vec_env/shmem_vec_env.py:18: DeprecationWarning: `np.bool` is a deprecated alias for the builtin `bool`. To silence this warning, use `bool` by itself. Doing this will not modify any behavior and is safe. If you specifically wanted the numpy scalar type, use `np.bool_` here.
[2m[36m(pid=431385)[0m Deprecated in NumPy 1.20; for more details and guidance: https://numpy.org/devdocs/release/1.20.0-notes.html#deprecations
[2m[36m(pid=431385)[0m   np.bool: ctypes.c_bool}
[2m[36m(pid=431385)[0m /opt/software/python/anaconda/2021_11/lib/python3.9/site-packages/flatbuffers/compat.py:19: DeprecationWarning: the imp module is deprecated in favour of importlib; see the module's documentation for alternative uses
[2m[36m(pid=431385)[0m   import imp
[2m[36m(pid=431385)[0m WARNING:absl:No GPU/TPU found, falling back to CPU. (Set TF_CPP_MIN_LOG_LEVEL=0 and rerun for more info.)
[2m[36m(pid=431385)[0m WARNING:root:Running on 1 cpu(s)
[2m[36m(pid=431385)[0m /home/tgrinev/.local/lib/python3.9/site-packages/gym/utils/seeding.py:47: DeprecationWarning: [33mWARN: Function `rng.randint(low, [high, size, dtype])` is marked as deprecated and will be removed in the future. Please use `rng.integers(low, [high, size, dtype])` instead.[0m
[2m[36m(pid=431385)[0m   deprecation(
[2m[36m(pid=431385)[0m /home/tgrinev/jax_muzero/vec_env/dummy_vec_env.py:26: DeprecationWarning: `np.bool` is a deprecated alias for the builtin `bool`. To silence this warning, use `bool` by itself. Doing this will not modify any behavior and is safe. If you specifically wanted the numpy scalar type, use `np.bool_` here.
[2m[36m(pid=431385)[0m Deprecated in NumPy 1.20; for more details and guidance: https://numpy.org/devdocs/release/1.20.0-notes.html#deprecations
[2m[36m(pid=431385)[0m   self.buf_dones = np.zeros((self.num_envs,), dtype=np.bool)
[2m[36m(pid=431385)[0m /home/tgrinev/jax_muzero/vec_env/vec_frame_stack.py:15: DeprecationWarning: `np.bool` is a deprecated alias for the builtin `bool`. To silence this warning, use `bool` by itself. Doing this will not modify any behavior and is safe. If you specifically wanted the numpy scalar type, use `np.bool_` here.
[2m[36m(pid=431385)[0m Deprecated in NumPy 1.20; for more details and guidance: https://numpy.org/devdocs/release/1.20.0-notes.html#deprecations
[2m[36m(pid=431385)[0m   self.news = np.zeros((venv.num_envs,), dtype=np.bool)
[2m[36m(pid=431385)[0m WARNING:root:Creating dummy env object to get spaces
[2m[36m(pid=431385)[0m /home/tgrinev/jax_muzero/vec_env/shmem_vec_env.py:58: DeprecationWarning: `np.bool` is a deprecated alias for the builtin `bool`. To silence this warning, use `bool` by itself. Doing this will not modify any behavior and is safe. If you specifically wanted the numpy scalar type, use `np.bool_` here.
[2m[36m(pid=431385)[0m Deprecated in NumPy 1.20; for more details and guidance: https://numpy.org/devdocs/release/1.20.0-notes.html#deprecations
[2m[36m(pid=431385)[0m   raw_done_buf = alloc_shmem(ctx, (len(env_fns),), np.bool)
[2m[36m(pid=431385)[0m /home/tgrinev/jax_muzero/vec_env/shmem_vec_env.py:18: DeprecationWarning: `np.bool` is a deprecated alias for the builtin `bool`. To silence this warning, use `bool` by itself. Doing this will not modify any behavior and is safe. If you specifically wanted the numpy scalar type, use `np.bool_` here.
[2m[36m(pid=431385)[0m Deprecated in NumPy 1.20; for more details and guidance: https://numpy.org/devdocs/release/1.20.0-notes.html#deprecations
[2m[36m(pid=431385)[0m   np.bool: ctypes.c_bool}
[2m[36m(pid=431385)[0m /home/tgrinev/jax_muzero/vec_env/shmem_vec_env.py:18: DeprecationWarning: `np.bool` is a deprecated alias for the builtin `bool`. To silence this warning, use `bool` by itself. Doing this will not modify any behavior and is safe. If you specifically wanted the numpy scalar type, use `np.bool_` here.
[2m[36m(pid=431385)[0m Deprecated in NumPy 1.20; for more details and guidance: https://numpy.org/devdocs/release/1.20.0-notes.html#deprecations
[2m[36m(pid=431385)[0m   np.bool: ctypes.c_bool}
[2m[36m(pid=431385)[0m /home/tgrinev/jax_muzero/vec_env/shmem_vec_env.py:18: DeprecationWarning: `np.bool` is a deprecated alias for the builtin `bool`. To silence this warning, use `bool` by itself. Doing this will not modify any behavior and is safe. If you specifically wanted the numpy scalar type, use `np.bool_` here.
[2m[36m(pid=431385)[0m Deprecated in NumPy 1.20; for more details and guidance: https://numpy.org/devdocs/release/1.20.0-notes.html#deprecations
[2m[36m(pid=431385)[0m   np.bool: ctypes.c_bool}
[2m[36m(pid=431385)[0m /home/tgrinev/jax_muzero/vec_env/shmem_vec_env.py:18: DeprecationWarning: `np.bool` is a deprecated alias for the builtin `bool`. To silence this warning, use `bool` by itself. Doing this will not modify any behavior and is safe. If you specifically wanted the numpy scalar type, use `np.bool_` here.
[2m[36m(pid=431385)[0m Deprecated in NumPy 1.20; for more details and guidance: https://numpy.org/devdocs/release/1.20.0-notes.html#deprecations
[2m[36m(pid=431385)[0m   np.bool: ctypes.c_bool}
[2m[36m(pid=431385)[0m /home/tgrinev/jax_muzero/vec_env/shmem_vec_env.py:18: DeprecationWarning: `np.bool` is a deprecated alias for the builtin `bool`. To silence this warning, use `bool` by itself. Doing this will not modify any behavior and is safe. If you specifically wanted the numpy scalar type, use `np.bool_` here.
[2m[36m(pid=431385)[0m Deprecated in NumPy 1.20; for more details and guidance: https://numpy.org/devdocs/release/1.20.0-notes.html#deprecations
[2m[36m(pid=431385)[0m   np.bool: ctypes.c_bool}
[2m[36m(pid=431385)[0m /home/tgrinev/.local/lib/python3.9/site-packages/gym/utils/seeding.py:47: DeprecationWarning: [33mWARN: Function `rng.randint(low, [high, size, dtype])` is marked as deprecated and will be removed in the future. Please use `rng.integers(low, [high, size, dtype])` instead.[0m
[2m[36m(pid=431385)[0m   deprecation(
[2m[36m(pid=431385)[0m /home/tgrinev/jax_muzero/vec_env/shmem_vec_env.py:18: DeprecationWarning: `np.bool` is a deprecated alias for the builtin `bool`. To silence this warning, use `bool` by itself. Doing this will not modify any behavior and is safe. If you specifically wanted the numpy scalar type, use `np.bool_` here.
[2m[36m(pid=431385)[0m Deprecated in NumPy 1.20; for more details and guidance: https://numpy.org/devdocs/release/1.20.0-notes.html#deprecations
[2m[36m(pid=431385)[0m   np.bool: ctypes.c_bool}
[2m[36m(pid=431385)[0m /home/tgrinev/jax_muzero/vec_env/shmem_vec_env.py:18: DeprecationWarning: `np.bool` is a deprecated alias for the builtin `bool`. To silence this warning, use `bool` by itself. Doing this will not modify any behavior and is safe. If you specifically wanted the numpy scalar type, use `np.bool_` here.
[2m[36m(pid=431385)[0m Deprecated in NumPy 1.20; for more details and guidance: https://numpy.org/devdocs/release/1.20.0-notes.html#deprecations
[2m[36m(pid=431385)[0m   np.bool: ctypes.c_bool}
[2m[36m(pid=431385)[0m /home/tgrinev/jax_muzero/vec_env/shmem_vec_env.py:18: DeprecationWarning: `np.bool` is a deprecated alias for the builtin `bool`. To silence this warning, use `bool` by itself. Doing this will not modify any behavior and is safe. If you specifically wanted the numpy scalar type, use `np.bool_` here.
[2m[36m(pid=431385)[0m Deprecated in NumPy 1.20; for more details and guidance: https://numpy.org/devdocs/release/1.20.0-notes.html#deprecations
[2m[36m(pid=431385)[0m   np.bool: ctypes.c_bool}
[2m[36m(pid=431385)[0m /home/tgrinev/jax_muzero/vec_env/shmem_vec_env.py:18: DeprecationWarning: `np.bool` is a deprecated alias for the builtin `bool`. To silence this warning, use `bool` by itself. Doing this will not modify any behavior and is safe. If you specifically wanted the numpy scalar type, use `np.bool_` here.
[2m[36m(pid=431385)[0m Deprecated in NumPy 1.20; for more details and guidance: https://numpy.org/devdocs/release/1.20.0-notes.html#deprecations
[2m[36m(pid=431385)[0m   np.bool: ctypes.c_bool}
[2m[36m(pid=431385)[0m /home/tgrinev/jax_muzero/vec_env/shmem_vec_env.py:18: DeprecationWarning: `np.bool` is a deprecated alias for the builtin `bool`. To silence this warning, use `bool` by itself. Doing this will not modify any behavior and is safe. If you specifically wanted the numpy scalar type, use `np.bool_` here.
[2m[36m(pid=431385)[0m Deprecated in NumPy 1.20; for more details and guidance: https://numpy.org/devdocs/release/1.20.0-notes.html#deprecations
[2m[36m(pid=431385)[0m   np.bool: ctypes.c_bool}
[2m[36m(pid=431385)[0m /home/tgrinev/jax_muzero/vec_env/shmem_vec_env.py:18: DeprecationWarning: `np.bool` is a deprecated alias for the builtin `bool`. To silence this warning, use `bool` by itself. Doing this will not modify any behavior and is safe. If you specifically wanted the numpy scalar type, use `np.bool_` here.
[2m[36m(pid=431385)[0m Deprecated in NumPy 1.20; for more details and guidance: https://numpy.org/devdocs/release/1.20.0-notes.html#deprecations
[2m[36m(pid=431385)[0m   np.bool: ctypes.c_bool}
[2m[36m(pid=431385)[0m /home/tgrinev/jax_muzero/vec_env/shmem_vec_env.py:18: DeprecationWarning: `np.bool` is a deprecated alias for the builtin `bool`. To silence this warning, use `bool` by itself. Doing this will not modify any behavior and is safe. If you specifically wanted the numpy scalar type, use `np.bool_` here.
[2m[36m(pid=431385)[0m Deprecated in NumPy 1.20; for more details and guidance: https://numpy.org/devdocs/release/1.20.0-notes.html#deprecations
[2m[36m(pid=431385)[0m   np.bool: ctypes.c_bool}
[2m[36m(pid=431385)[0m /home/tgrinev/jax_muzero/vec_env/shmem_vec_env.py:18: DeprecationWarning: `np.bool` is a deprecated alias for the builtin `bool`. To silence this warning, use `bool` by itself. Doing this will not modify any behavior and is safe. If you specifically wanted the numpy scalar type, use `np.bool_` here.
[2m[36m(pid=431385)[0m Deprecated in NumPy 1.20; for more details and guidance: https://numpy.org/devdocs/release/1.20.0-notes.html#deprecations
[2m[36m(pid=431385)[0m   np.bool: ctypes.c_bool}
[2m[36m(pid=431385)[0m /home/tgrinev/.local/lib/python3.9/site-packages/gym/utils/seeding.py:47: DeprecationWarning: [33mWARN: Function `rng.randint(low, [high, size, dtype])` is marked as deprecated and will be removed in the future. Please use `rng.integers(low, [high, size, dtype])` instead.[0m
[2m[36m(pid=431385)[0m   deprecation(
[2m[36m(pid=431385)[0m /home/tgrinev/jax_muzero/vec_env/shmem_vec_env.py:18: DeprecationWarning: `np.bool` is a deprecated alias for the builtin `bool`. To silence this warning, use `bool` by itself. Doing this will not modify any behavior and is safe. If you specifically wanted the numpy scalar type, use `np.bool_` here.
[2m[36m(pid=431385)[0m Deprecated in NumPy 1.20; for more details and guidance: https://numpy.org/devdocs/release/1.20.0-notes.html#deprecations
[2m[36m(pid=431385)[0m   np.bool: ctypes.c_bool}
[2m[36m(pid=431385)[0m /home/tgrinev/jax_muzero/vec_env/shmem_vec_env.py:18: DeprecationWarning: `np.bool` is a deprecated alias for the builtin `bool`. To silence this warning, use `bool` by itself. Doing this will not modify any behavior and is safe. If you specifically wanted the numpy scalar type, use `np.bool_` here.
[2m[36m(pid=431385)[0m Deprecated in NumPy 1.20; for more details and guidance: https://numpy.org/devdocs/release/1.20.0-notes.html#deprecations
[2m[36m(pid=431385)[0m   np.bool: ctypes.c_bool}
[2m[36m(pid=431385)[0m /home/tgrinev/jax_muzero/vec_env/shmem_vec_env.py:18: DeprecationWarning: `np.bool` is a deprecated alias for the builtin `bool`. To silence this warning, use `bool` by itself. Doing this will not modify any behavior and is safe. If you specifically wanted the numpy scalar type, use `np.bool_` here.
[2m[36m(pid=431385)[0m Deprecated in NumPy 1.20; for more details and guidance: https://numpy.org/devdocs/release/1.20.0-notes.html#deprecations
[2m[36m(pid=431385)[0m   np.bool: ctypes.c_bool}
[2m[36m(pid=431385)[0m /home/tgrinev/jax_muzero/vec_env/shmem_vec_env.py:18: DeprecationWarning: `np.bool` is a deprecated alias for the builtin `bool`. To silence this warning, use `bool` by itself. Doing this will not modify any behavior and is safe. If you specifically wanted the numpy scalar type, use `np.bool_` here.
[2m[36m(pid=431385)[0m Deprecated in NumPy 1.20; for more details and guidance: https://numpy.org/devdocs/release/1.20.0-notes.html#deprecations
[2m[36m(pid=431385)[0m   np.bool: ctypes.c_bool}
[2m[36m(pid=431385)[0m /home/tgrinev/jax_muzero/vec_env/shmem_vec_env.py:18: DeprecationWarning: `np.bool` is a deprecated alias for the builtin `bool`. To silence this warning, use `bool` by itself. Doing this will not modify any behavior and is safe. If you specifically wanted the numpy scalar type, use `np.bool_` here.
[2m[36m(pid=431385)[0m Deprecated in NumPy 1.20; for more details and guidance: https://numpy.org/devdocs/release/1.20.0-notes.html#deprecations
[2m[36m(pid=431385)[0m   np.bool: ctypes.c_bool}
[2m[36m(pid=431385)[0m /home/tgrinev/.local/lib/python3.9/site-packages/gym/utils/seeding.py:47: DeprecationWarning: [33mWARN: Function `rng.randint(low, [high, size, dtype])` is marked as deprecated and will be removed in the future. Please use `rng.integers(low, [high, size, dtype])` instead.[0m
[2m[36m(pid=431385)[0m   deprecation(
[2m[36m(pid=431385)[0m /home/tgrinev/.local/lib/python3.9/site-packages/gym/utils/seeding.py:47: DeprecationWarning: [33mWARN: Function `rng.randint(low, [high, size, dtype])` is marked as deprecated and will be removed in the future. Please use `rng.integers(low, [high, size, dtype])` instead.[0m
[2m[36m(pid=431385)[0m   deprecation(
[2m[36m(pid=431385)[0m /home/tgrinev/jax_muzero/vec_env/shmem_vec_env.py:18: DeprecationWarning: `np.bool` is a deprecated alias for the builtin `bool`. To silence this warning, use `bool` by itself. Doing this will not modify any behavior and is safe. If you specifically wanted the numpy scalar type, use `np.bool_` here.
[2m[36m(pid=431385)[0m Deprecated in NumPy 1.20; for more details and guidance: https://numpy.org/devdocs/release/1.20.0-notes.html#deprecations
[2m[36m(pid=431385)[0m   np.bool: ctypes.c_bool}
[2m[36m(pid=431385)[0m /home/tgrinev/jax_muzero/vec_env/shmem_vec_env.py:18: DeprecationWarning: `np.bool` is a deprecated alias for the builtin `bool`. To silence this warning, use `bool` by itself. Doing this will not modify any behavior and is safe. If you specifically wanted the numpy scalar type, use `np.bool_` here.
[2m[36m(pid=431385)[0m Deprecated in NumPy 1.20; for more details and guidance: https://numpy.org/devdocs/release/1.20.0-notes.html#deprecations
[2m[36m(pid=431385)[0m   np.bool: ctypes.c_bool}
[2m[36m(pid=431385)[0m /home/tgrinev/jax_muzero/vec_env/shmem_vec_env.py:18: DeprecationWarning: `np.bool` is a deprecated alias for the builtin `bool`. To silence this warning, use `bool` by itself. Doing this will not modify any behavior and is safe. If you specifically wanted the numpy scalar type, use `np.bool_` here.
[2m[36m(pid=431385)[0m Deprecated in NumPy 1.20; for more details and guidance: https://numpy.org/devdocs/release/1.20.0-notes.html#deprecations
[2m[36m(pid=431385)[0m   np.bool: ctypes.c_bool}
[2m[36m(pid=431385)[0m /home/tgrinev/.local/lib/python3.9/site-packages/gym/utils/seeding.py:47: DeprecationWarning: [33mWARN: Function `rng.randint(low, [high, size, dtype])` is marked as deprecated and will be removed in the future. Please use `rng.integers(low, [high, size, dtype])` instead.[0m
[2m[36m(pid=431385)[0m   deprecation(
[2m[36m(pid=431385)[0m /home/tgrinev/jax_muzero/vec_env/shmem_vec_env.py:18: DeprecationWarning: `np.bool` is a deprecated alias for the builtin `bool`. To silence this warning, use `bool` by itself. Doing this will not modify any behavior and is safe. If you specifically wanted the numpy scalar type, use `np.bool_` here.
[2m[36m(pid=431385)[0m Deprecated in NumPy 1.20; for more details and guidance: https://numpy.org/devdocs/release/1.20.0-notes.html#deprecations
[2m[36m(pid=431385)[0m   np.bool: ctypes.c_bool}
[2m[36m(pid=431385)[0m /home/tgrinev/jax_muzero/vec_env/shmem_vec_env.py:18: DeprecationWarning: `np.bool` is a deprecated alias for the builtin `bool`. To silence this warning, use `bool` by itself. Doing this will not modify any behavior and is safe. If you specifically wanted the numpy scalar type, use `np.bool_` here.
[2m[36m(pid=431385)[0m Deprecated in NumPy 1.20; for more details and guidance: https://numpy.org/devdocs/release/1.20.0-notes.html#deprecations
[2m[36m(pid=431385)[0m   np.bool: ctypes.c_bool}
[2m[36m(pid=431385)[0m /home/tgrinev/jax_muzero/vec_env/shmem_vec_env.py:18: DeprecationWarning: `np.bool` is a deprecated alias for the builtin `bool`. To silence this warning, use `bool` by itself. Doing this will not modify any behavior and is safe. If you specifically wanted the numpy scalar type, use `np.bool_` here.
[2m[36m(pid=431385)[0m Deprecated in NumPy 1.20; for more details and guidance: https://numpy.org/devdocs/release/1.20.0-notes.html#deprecations
[2m[36m(pid=431385)[0m   np.bool: ctypes.c_bool}
[2m[36m(pid=431385)[0m /home/tgrinev/.local/lib/python3.9/site-packages/gym/utils/seeding.py:47: DeprecationWarning: [33mWARN: Function `rng.randint(low, [high, size, dtype])` is marked as deprecated and will be removed in the future. Please use `rng.integers(low, [high, size, dtype])` instead.[0m
[2m[36m(pid=431385)[0m   deprecation(
[2m[36m(pid=431385)[0m /home/tgrinev/jax_muzero/vec_env/shmem_vec_env.py:18: DeprecationWarning: `np.bool` is a deprecated alias for the builtin `bool`. To silence this warning, use `bool` by itself. Doing this will not modify any behavior and is safe. If you specifically wanted the numpy scalar type, use `np.bool_` here.
[2m[36m(pid=431385)[0m Deprecated in NumPy 1.20; for more details and guidance: https://numpy.org/devdocs/release/1.20.0-notes.html#deprecations
[2m[36m(pid=431385)[0m   np.bool: ctypes.c_bool}
[2m[36m(pid=431385)[0m /home/tgrinev/jax_muzero/vec_env/shmem_vec_env.py:18: DeprecationWarning: `np.bool` is a deprecated alias for the builtin `bool`. To silence this warning, use `bool` by itself. Doing this will not modify any behavior and is safe. If you specifically wanted the numpy scalar type, use `np.bool_` here.
[2m[36m(pid=431385)[0m Deprecated in NumPy 1.20; for more details and guidance: https://numpy.org/devdocs/release/1.20.0-notes.html#deprecations
[2m[36m(pid=431385)[0m   np.bool: ctypes.c_bool}
[2m[36m(pid=431385)[0m /home/tgrinev/jax_muzero/vec_env/shmem_vec_env.py:18: DeprecationWarning: `np.bool` is a deprecated alias for the builtin `bool`. To silence this warning, use `bool` by itself. Doing this will not modify any behavior and is safe. If you specifically wanted the numpy scalar type, use `np.bool_` here.
[2m[36m(pid=431385)[0m Deprecated in NumPy 1.20; for more details and guidance: https://numpy.org/devdocs/release/1.20.0-notes.html#deprecations
[2m[36m(pid=431385)[0m   np.bool: ctypes.c_bool}
[2m[36m(pid=431385)[0m /home/tgrinev/jax_muzero/vec_env/shmem_vec_env.py:18: DeprecationWarning: `np.bool` is a deprecated alias for the builtin `bool`. To silence this warning, use `bool` by itself. Doing this will not modify any behavior and is safe. If you specifically wanted the numpy scalar type, use `np.bool_` here.
[2m[36m(pid=431385)[0m Deprecated in NumPy 1.20; for more details and guidance: https://numpy.org/devdocs/release/1.20.0-notes.html#deprecations
[2m[36m(pid=431385)[0m   np.bool: ctypes.c_bool}
[2m[36m(pid=431385)[0m /home/tgrinev/jax_muzero/vec_env/shmem_vec_env.py:18: DeprecationWarning: `np.bool` is a deprecated alias for the builtin `bool`. To silence this warning, use `bool` by itself. Doing this will not modify any behavior and is safe. If you specifically wanted the numpy scalar type, use `np.bool_` here.
[2m[36m(pid=431385)[0m Deprecated in NumPy 1.20; for more details and guidance: https://numpy.org/devdocs/release/1.20.0-notes.html#deprecations
[2m[36m(pid=431385)[0m   np.bool: ctypes.c_bool}
[2m[36m(pid=431385)[0m /home/tgrinev/jax_muzero/vec_env/shmem_vec_env.py:18: DeprecationWarning: `np.bool` is a deprecated alias for the builtin `bool`. To silence this warning, use `bool` by itself. Doing this will not modify any behavior and is safe. If you specifically wanted the numpy scalar type, use `np.bool_` here.
[2m[36m(pid=431385)[0m Deprecated in NumPy 1.20; for more details and guidance: https://numpy.org/devdocs/release/1.20.0-notes.html#deprecations
[2m[36m(pid=431385)[0m   np.bool: ctypes.c_bool}
[2m[36m(pid=431385)[0m /home/tgrinev/jax_muzero/vec_env/shmem_vec_env.py:18: DeprecationWarning: `np.bool` is a deprecated alias for the builtin `bool`. To silence this warning, use `bool` by itself. Doing this will not modify any behavior and is safe. If you specifically wanted the numpy scalar type, use `np.bool_` here.
[2m[36m(pid=431385)[0m Deprecated in NumPy 1.20; for more details and guidance: https://numpy.org/devdocs/release/1.20.0-notes.html#deprecations
[2m[36m(pid=431385)[0m   np.bool: ctypes.c_bool}
[2m[36m(pid=431385)[0m /home/tgrinev/jax_muzero/vec_env/shmem_vec_env.py:18: DeprecationWarning: `np.bool` is a deprecated alias for the builtin `bool`. To silence this warning, use `bool` by itself. Doing this will not modify any behavior and is safe. If you specifically wanted the numpy scalar type, use `np.bool_` here.
[2m[36m(pid=431385)[0m Deprecated in NumPy 1.20; for more details and guidance: https://numpy.org/devdocs/release/1.20.0-notes.html#deprecations
[2m[36m(pid=431385)[0m   np.bool: ctypes.c_bool}
[2m[36m(pid=431385)[0m /home/tgrinev/.local/lib/python3.9/site-packages/gym/utils/seeding.py:47: DeprecationWarning: [33mWARN: Function `rng.randint(low, [high, size, dtype])` is marked as deprecated and will be removed in the future. Please use `rng.integers(low, [high, size, dtype])` instead.[0m
[2m[36m(pid=431385)[0m   deprecation(
[2m[36m(pid=431385)[0m /home/tgrinev/.local/lib/python3.9/site-packages/gym/utils/seeding.py:47: DeprecationWarning: [33mWARN: Function `rng.randint(low, [high, size, dtype])` is marked as deprecated and will be removed in the future. Please use `rng.integers(low, [high, size, dtype])` instead.[0m
[2m[36m(pid=431385)[0m   deprecation(
[2m[36m(pid=431385)[0m /home/tgrinev/.local/lib/python3.9/site-packages/gym/utils/seeding.py:47: DeprecationWarning: [33mWARN: Function `rng.randint(low, [high, size, dtype])` is marked as deprecated and will be removed in the future. Please use `rng.integers(low, [high, size, dtype])` instead.[0m
[2m[36m(pid=431385)[0m   deprecation(
[2m[36m(pid=431385)[0m /home/tgrinev/.local/lib/python3.9/site-packages/gym/utils/seeding.py:47: DeprecationWarning: [33mWARN: Function `rng.randint(low, [high, size, dtype])` is marked as deprecated and will be removed in the future. Please use `rng.integers(low, [high, size, dtype])` instead.[0m
[2m[36m(pid=431385)[0m   deprecation(
[2m[36m(pid=431385)[0m /home/tgrinev/.local/lib/python3.9/site-packages/gym/utils/seeding.py:47: DeprecationWarning: [33mWARN: Function `rng.randint(low, [high, size, dtype])` is marked as deprecated and will be removed in the future. Please use `rng.integers(low, [high, size, dtype])` instead.[0m
[2m[36m(pid=431385)[0m   deprecation(
[2m[36m(pid=431385)[0m /home/tgrinev/.local/lib/python3.9/site-packages/gym/utils/seeding.py:47: DeprecationWarning: [33mWARN: Function `rng.randint(low, [high, size, dtype])` is marked as deprecated and will be removed in the future. Please use `rng.integers(low, [high, size, dtype])` instead.[0m
[2m[36m(pid=431385)[0m   deprecation(
[2m[36m(pid=431385)[0m /home/tgrinev/.local/lib/python3.9/site-packages/gym/utils/seeding.py:47: DeprecationWarning: [33mWARN: Function `rng.randint(low, [high, size, dtype])` is marked as deprecated and will be removed in the future. Please use `rng.integers(low, [high, size, dtype])` instead.[0m
[2m[36m(pid=431385)[0m   deprecation(
[2m[36m(pid=431385)[0m /home/tgrinev/.local/lib/python3.9/site-packages/gym/utils/seeding.py:47: DeprecationWarning: [33mWARN: Function `rng.randint(low, [high, size, dtype])` is marked as deprecated and will be removed in the future. Please use `rng.integers(low, [high, size, dtype])` instead.[0m
[2m[36m(pid=431385)[0m   deprecation(
[2m[36m(pid=431385)[0m /home/tgrinev/.local/lib/python3.9/site-packages/gym/utils/seeding.py:47: DeprecationWarning: [33mWARN: Function `rng.randint(low, [high, size, dtype])` is marked as deprecated and will be removed in the future. Please use `rng.integers(low, [high, size, dtype])` instead.[0m
[2m[36m(pid=431385)[0m   deprecation(
[2m[36m(pid=431385)[0m /home/tgrinev/.local/lib/python3.9/site-packages/gym/utils/seeding.py:47: DeprecationWarning: [33mWARN: Function `rng.randint(low, [high, size, dtype])` is marked as deprecated and will be removed in the future. Please use `rng.integers(low, [high, size, dtype])` instead.[0m
[2m[36m(pid=431385)[0m   deprecation(
[2m[36m(pid=431385)[0m /home/tgrinev/.local/lib/python3.9/site-packages/gym/utils/seeding.py:47: DeprecationWarning: [33mWARN: Function `rng.randint(low, [high, size, dtype])` is marked as deprecated and will be removed in the future. Please use `rng.integers(low, [high, size, dtype])` instead.[0m
[2m[36m(pid=431385)[0m   deprecation(
[2m[36m(pid=431385)[0m /home/tgrinev/.local/lib/python3.9/site-packages/gym/utils/seeding.py:47: DeprecationWarning: [33mWARN: Function `rng.randint(low, [high, size, dtype])` is marked as deprecated and will be removed in the future. Please use `rng.integers(low, [high, size, dtype])` instead.[0m
[2m[36m(pid=431385)[0m   deprecation(
[2m[36m(pid=431385)[0m /home/tgrinev/.local/lib/python3.9/site-packages/gym/utils/seeding.py:47: DeprecationWarning: [33mWARN: Function `rng.randint(low, [high, size, dtype])` is marked as deprecated and will be removed in the future. Please use `rng.integers(low, [high, size, dtype])` instead.[0m
[2m[36m(pid=431385)[0m   deprecation(
[2m[36m(pid=431385)[0m /home/tgrinev/.local/lib/python3.9/site-packages/gym/utils/seeding.py:47: DeprecationWarning: [33mWARN: Function `rng.randint(low, [high, size, dtype])` is marked as deprecated and will be removed in the future. Please use `rng.integers(low, [high, size, dtype])` instead.[0m
[2m[36m(pid=431385)[0m   deprecation(
[2m[36m(pid=431385)[0m /home/tgrinev/.local/lib/python3.9/site-packages/gym/utils/seeding.py:47: DeprecationWarning: [33mWARN: Function `rng.randint(low, [high, size, dtype])` is marked as deprecated and will be removed in the future. Please use `rng.integers(low, [high, size, dtype])` instead.[0m
[2m[36m(pid=431385)[0m   deprecation(
[2m[36m(pid=431385)[0m /home/tgrinev/.local/lib/python3.9/site-packages/gym/utils/seeding.py:47: DeprecationWarning: [33mWARN: Function `rng.randint(low, [high, size, dtype])` is marked as deprecated and will be removed in the future. Please use `rng.integers(low, [high, size, dtype])` instead.[0m
[2m[36m(pid=431385)[0m   deprecation(
[2m[36m(pid=431385)[0m /home/tgrinev/.local/lib/python3.9/site-packages/gym/utils/seeding.py:47: DeprecationWarning: [33mWARN: Function `rng.randint(low, [high, size, dtype])` is marked as deprecated and will be removed in the future. Please use `rng.integers(low, [high, size, dtype])` instead.[0m
[2m[36m(pid=431385)[0m   deprecation(
[2m[36m(pid=431385)[0m /home/tgrinev/.local/lib/python3.9/site-packages/gym/utils/seeding.py:47: DeprecationWarning: [33mWARN: Function `rng.randint(low, [high, size, dtype])` is marked as deprecated and will be removed in the future. Please use `rng.integers(low, [high, size, dtype])` instead.[0m
[2m[36m(pid=431385)[0m   deprecation(
[2m[36m(pid=431385)[0m /home/tgrinev/.local/lib/python3.9/site-packages/gym/utils/seeding.py:47: DeprecationWarning: [33mWARN: Function `rng.randint(low, [high, size, dtype])` is marked as deprecated and will be removed in the future. Please use `rng.integers(low, [high, size, dtype])` instead.[0m
[2m[36m(pid=431385)[0m   deprecation(
[2m[36m(pid=431385)[0m /home/tgrinev/.local/lib/python3.9/site-packages/gym/utils/seeding.py:47: DeprecationWarning: [33mWARN: Function `rng.randint(low, [high, size, dtype])` is marked as deprecated and will be removed in the future. Please use `rng.integers(low, [high, size, dtype])` instead.[0m
[2m[36m(pid=431385)[0m   deprecation(
[2m[36m(pid=431385)[0m /home/tgrinev/.local/lib/python3.9/site-packages/gym/utils/seeding.py:47: DeprecationWarning: [33mWARN: Function `rng.randint(low, [high, size, dtype])` is marked as deprecated and will be removed in the future. Please use `rng.integers(low, [high, size, dtype])` instead.[0m
[2m[36m(pid=431385)[0m   deprecation(
[2m[36m(pid=431385)[0m /home/tgrinev/.local/lib/python3.9/site-packages/gym/utils/seeding.py:47: DeprecationWarning: [33mWARN: Function `rng.randint(low, [high, size, dtype])` is marked as deprecated and will be removed in the future. Please use `rng.integers(low, [high, size, dtype])` instead.[0m
[2m[36m(pid=431385)[0m   deprecation(
[2m[36m(pid=431385)[0m /home/tgrinev/.local/lib/python3.9/site-packages/gym/utils/seeding.py:47: DeprecationWarning: [33mWARN: Function `rng.randint(low, [high, size, dtype])` is marked as deprecated and will be removed in the future. Please use `rng.integers(low, [high, size, dtype])` instead.[0m
[2m[36m(pid=431385)[0m   deprecation(
[2m[36m(pid=431385)[0m /home/tgrinev/.local/lib/python3.9/site-packages/gym/utils/seeding.py:47: DeprecationWarning: [33mWARN: Function `rng.randint(low, [high, size, dtype])` is marked as deprecated and will be removed in the future. Please use `rng.integers(low, [high, size, dtype])` instead.[0m
[2m[36m(pid=431385)[0m   deprecation(
[2m[36m(pid=431385)[0m /home/tgrinev/.local/lib/python3.9/site-packages/gym/utils/seeding.py:47: DeprecationWarning: [33mWARN: Function `rng.randint(low, [high, size, dtype])` is marked as deprecated and will be removed in the future. Please use `rng.integers(low, [high, size, dtype])` instead.[0m
[2m[36m(pid=431385)[0m   deprecation(
[2m[36m(pid=431385)[0m /home/tgrinev/.local/lib/python3.9/site-packages/gym/utils/seeding.py:47: DeprecationWarning: [33mWARN: Function `rng.randint(low, [high, size, dtype])` is marked as deprecated and will be removed in the future. Please use `rng.integers(low, [high, size, dtype])` instead.[0m
[2m[36m(pid=431385)[0m   deprecation(
[2m[36m(pid=431385)[0m /home/tgrinev/.local/lib/python3.9/site-packages/jax/_src/tree_util.py:188: FutureWarning: jax.tree_util.tree_multimap() is deprecated. Please use jax.tree_util.tree_map() instead as a drop-in replacement.
[2m[36m(pid=431385)[0m   warnings.warn('jax.tree_util.tree_multimap() is deprecated. Please use jax.tree_util.tree_map() '
[2m[36m(pid=431385)[0m 2022-04-24 16:43:03.282518: E external/org_tensorflow/tensorflow/compiler/xla/service/slow_operation_alarm.cc:61] 
[2m[36m(pid=431385)[0m ********************************
[2m[36m(pid=431385)[0m Very slow compile?  If you want to file a bug, run with envvar XLA_FLAGS=--xla_dump_to=/tmp/foo and attach the results.
[2m[36m(pid=431385)[0m Compiling module pmap_update.130
[2m[36m(pid=431385)[0m ********************************
[2m[36m(pid=431385)[0m /home/tgrinev/.local/lib/python3.9/site-packages/gym/utils/seeding.py:47: DeprecationWarning: [33mWARN: Function `rng.randint(low, [high, size, dtype])` is marked as deprecated and will be removed in the future. Please use `rng.integers(low, [high, size, dtype])` instead.[0m
[2m[36m(pid=431385)[0m   deprecation(
slurmstepd: error: *** JOB 564128 ON cn-006 CANCELLED AT 2022-04-24T19:10:38 ***
