/home/tgrinev/jax_muzero/vec_env/shmem_vec_env.py:18: DeprecationWarning: `np.bool` is a deprecated alias for the builtin `bool`. To silence this warning, use `bool` by itself. Doing this will not modify any behavior and is safe. If you specifically wanted the numpy scalar type, use `np.bool_` here.
Deprecated in NumPy 1.20; for more details and guidance: https://numpy.org/devdocs/release/1.20.0-notes.html#deprecations
  np.bool: ctypes.c_bool}
/opt/software/python/anaconda/2021_11/lib/python3.9/site-packages/flatbuffers/compat.py:19: DeprecationWarning: the imp module is deprecated in favour of importlib; see the module's documentation for alternative uses
  import imp
wandb: Currently logged in as: green-of-tim (use `wandb login --relogin` to force relogin)
wandb: Tracking run with wandb version 0.12.13
wandb: Run data is saved locally in /home/tgrinev/jax_muzero/wandb/run-20220426_102745-218t1ilr
wandb: Run `wandb offline` to turn off syncing.
wandb: Syncing run winter-deluge-18
wandb: â­ï¸ View project at https://wandb.ai/green-of-tim/MuZero
wandb: ðŸš€ View run at https://wandb.ai/green-of-tim/MuZero/runs/218t1ilr
2022-04-26 10:28:10,207	WARNING trial_runner.py:246 -- The maximum number of pending trials has been automatically set to the number of available cluster CPUs, which is high (140 CPUs/pending trials). If you're running an experiment with a large number of trials, this could lead to scheduling overhead. In this case, consider setting the `TUNE_MAX_PENDING_TRIALS_PG` environment variable to the desired maximum number of concurrent trials.
[34m[1mwandb[0m: [33mWARNING[0m Found log directory outside of given root_logdir, dropping given root_logdir for event file in /home/tgrinev/ray_results/minigrid_prior_prior/Experiment_Minigrid_6c874_00000_0_2022-04-26_10-28-10
[2m[36m(pid=10644)[0m /home/tgrinev/jax_muzero/vec_env/shmem_vec_env.py:18: DeprecationWarning: `np.bool` is a deprecated alias for the builtin `bool`. To silence this warning, use `bool` by itself. Doing this will not modify any behavior and is safe. If you specifically wanted the numpy scalar type, use `np.bool_` here.
[2m[36m(pid=10644)[0m Deprecated in NumPy 1.20; for more details and guidance: https://numpy.org/devdocs/release/1.20.0-notes.html#deprecations
[2m[36m(pid=10644)[0m   np.bool: ctypes.c_bool}
[2m[36m(pid=10644)[0m /opt/software/python/anaconda/2021_11/lib/python3.9/site-packages/flatbuffers/compat.py:19: DeprecationWarning: the imp module is deprecated in favour of importlib; see the module's documentation for alternative uses
[2m[36m(pid=10644)[0m   import imp
[2m[36m(pid=10644)[0m WARNING:absl:No GPU/TPU found, falling back to CPU. (Set TF_CPP_MIN_LOG_LEVEL=0 and rerun for more info.)
[2m[36m(pid=10644)[0m WARNING:root:Running on 1 cpu(s)
[2m[36m(pid=10644)[0m /home/tgrinev/.local/lib/python3.9/site-packages/gym/utils/seeding.py:47: DeprecationWarning: [33mWARN: Function `rng.randint(low, [high, size, dtype])` is marked as deprecated and will be removed in the future. Please use `rng.integers(low, [high, size, dtype])` instead.[0m
[2m[36m(pid=10644)[0m   deprecation(
[2m[36m(pid=10644)[0m /home/tgrinev/jax_muzero/vec_env/dummy_vec_env.py:26: DeprecationWarning: `np.bool` is a deprecated alias for the builtin `bool`. To silence this warning, use `bool` by itself. Doing this will not modify any behavior and is safe. If you specifically wanted the numpy scalar type, use `np.bool_` here.
[2m[36m(pid=10644)[0m Deprecated in NumPy 1.20; for more details and guidance: https://numpy.org/devdocs/release/1.20.0-notes.html#deprecations
[2m[36m(pid=10644)[0m   self.buf_dones = np.zeros((self.num_envs,), dtype=np.bool)
[2m[36m(pid=10644)[0m /home/tgrinev/jax_muzero/vec_env/vec_frame_stack.py:15: DeprecationWarning: `np.bool` is a deprecated alias for the builtin `bool`. To silence this warning, use `bool` by itself. Doing this will not modify any behavior and is safe. If you specifically wanted the numpy scalar type, use `np.bool_` here.
[2m[36m(pid=10644)[0m Deprecated in NumPy 1.20; for more details and guidance: https://numpy.org/devdocs/release/1.20.0-notes.html#deprecations
[2m[36m(pid=10644)[0m   self.news = np.zeros((venv.num_envs,), dtype=np.bool)
[2m[36m(pid=10644)[0m WARNING:root:Creating dummy env object to get spaces
[2m[36m(pid=10644)[0m /home/tgrinev/jax_muzero/vec_env/shmem_vec_env.py:58: DeprecationWarning: `np.bool` is a deprecated alias for the builtin `bool`. To silence this warning, use `bool` by itself. Doing this will not modify any behavior and is safe. If you specifically wanted the numpy scalar type, use `np.bool_` here.
[2m[36m(pid=10644)[0m Deprecated in NumPy 1.20; for more details and guidance: https://numpy.org/devdocs/release/1.20.0-notes.html#deprecations
[2m[36m(pid=10644)[0m   raw_done_buf = alloc_shmem(ctx, (len(env_fns),), np.bool)
[2m[36m(pid=10644)[0m /home/tgrinev/jax_muzero/vec_env/shmem_vec_env.py:18: DeprecationWarning: `np.bool` is a deprecated alias for the builtin `bool`. To silence this warning, use `bool` by itself. Doing this will not modify any behavior and is safe. If you specifically wanted the numpy scalar type, use `np.bool_` here.
[2m[36m(pid=10644)[0m Deprecated in NumPy 1.20; for more details and guidance: https://numpy.org/devdocs/release/1.20.0-notes.html#deprecations
[2m[36m(pid=10644)[0m   np.bool: ctypes.c_bool}
[2m[36m(pid=10644)[0m /home/tgrinev/jax_muzero/vec_env/shmem_vec_env.py:18: DeprecationWarning: `np.bool` is a deprecated alias for the builtin `bool`. To silence this warning, use `bool` by itself. Doing this will not modify any behavior and is safe. If you specifically wanted the numpy scalar type, use `np.bool_` here.
[2m[36m(pid=10644)[0m Deprecated in NumPy 1.20; for more details and guidance: https://numpy.org/devdocs/release/1.20.0-notes.html#deprecations
[2m[36m(pid=10644)[0m   np.bool: ctypes.c_bool}
[2m[36m(pid=10644)[0m /home/tgrinev/jax_muzero/vec_env/shmem_vec_env.py:18: DeprecationWarning: `np.bool` is a deprecated alias for the builtin `bool`. To silence this warning, use `bool` by itself. Doing this will not modify any behavior and is safe. If you specifically wanted the numpy scalar type, use `np.bool_` here.
[2m[36m(pid=10644)[0m Deprecated in NumPy 1.20; for more details and guidance: https://numpy.org/devdocs/release/1.20.0-notes.html#deprecations
[2m[36m(pid=10644)[0m   np.bool: ctypes.c_bool}
[2m[36m(pid=10644)[0m /home/tgrinev/jax_muzero/vec_env/shmem_vec_env.py:18: DeprecationWarning: `np.bool` is a deprecated alias for the builtin `bool`. To silence this warning, use `bool` by itself. Doing this will not modify any behavior and is safe. If you specifically wanted the numpy scalar type, use `np.bool_` here.
[2m[36m(pid=10644)[0m Deprecated in NumPy 1.20; for more details and guidance: https://numpy.org/devdocs/release/1.20.0-notes.html#deprecations
[2m[36m(pid=10644)[0m   np.bool: ctypes.c_bool}
[2m[36m(pid=10644)[0m /home/tgrinev/jax_muzero/vec_env/shmem_vec_env.py:18: DeprecationWarning: `np.bool` is a deprecated alias for the builtin `bool`. To silence this warning, use `bool` by itself. Doing this will not modify any behavior and is safe. If you specifically wanted the numpy scalar type, use `np.bool_` here.
[2m[36m(pid=10644)[0m Deprecated in NumPy 1.20; for more details and guidance: https://numpy.org/devdocs/release/1.20.0-notes.html#deprecations
[2m[36m(pid=10644)[0m   np.bool: ctypes.c_bool}
[2m[36m(pid=10644)[0m /home/tgrinev/jax_muzero/vec_env/shmem_vec_env.py:18: DeprecationWarning: `np.bool` is a deprecated alias for the builtin `bool`. To silence this warning, use `bool` by itself. Doing this will not modify any behavior and is safe. If you specifically wanted the numpy scalar type, use `np.bool_` here.
[2m[36m(pid=10644)[0m Deprecated in NumPy 1.20; for more details and guidance: https://numpy.org/devdocs/release/1.20.0-notes.html#deprecations
[2m[36m(pid=10644)[0m   np.bool: ctypes.c_bool}
[2m[36m(pid=10644)[0m /home/tgrinev/jax_muzero/vec_env/shmem_vec_env.py:18: DeprecationWarning: `np.bool` is a deprecated alias for the builtin `bool`. To silence this warning, use `bool` by itself. Doing this will not modify any behavior and is safe. If you specifically wanted the numpy scalar type, use `np.bool_` here.
[2m[36m(pid=10644)[0m Deprecated in NumPy 1.20; for more details and guidance: https://numpy.org/devdocs/release/1.20.0-notes.html#deprecations
[2m[36m(pid=10644)[0m   np.bool: ctypes.c_bool}
[2m[36m(pid=10644)[0m /home/tgrinev/jax_muzero/vec_env/shmem_vec_env.py:18: DeprecationWarning: `np.bool` is a deprecated alias for the builtin `bool`. To silence this warning, use `bool` by itself. Doing this will not modify any behavior and is safe. If you specifically wanted the numpy scalar type, use `np.bool_` here.
[2m[36m(pid=10644)[0m Deprecated in NumPy 1.20; for more details and guidance: https://numpy.org/devdocs/release/1.20.0-notes.html#deprecations
[2m[36m(pid=10644)[0m   np.bool: ctypes.c_bool}
[2m[36m(pid=10644)[0m /home/tgrinev/jax_muzero/vec_env/shmem_vec_env.py:18: DeprecationWarning: `np.bool` is a deprecated alias for the builtin `bool`. To silence this warning, use `bool` by itself. Doing this will not modify any behavior and is safe. If you specifically wanted the numpy scalar type, use `np.bool_` here.
[2m[36m(pid=10644)[0m Deprecated in NumPy 1.20; for more details and guidance: https://numpy.org/devdocs/release/1.20.0-notes.html#deprecations
[2m[36m(pid=10644)[0m   np.bool: ctypes.c_bool}
[2m[36m(pid=10644)[0m /home/tgrinev/jax_muzero/vec_env/shmem_vec_env.py:18: DeprecationWarning: `np.bool` is a deprecated alias for the builtin `bool`. To silence this warning, use `bool` by itself. Doing this will not modify any behavior and is safe. If you specifically wanted the numpy scalar type, use `np.bool_` here.
[2m[36m(pid=10644)[0m Deprecated in NumPy 1.20; for more details and guidance: https://numpy.org/devdocs/release/1.20.0-notes.html#deprecations
[2m[36m(pid=10644)[0m   np.bool: ctypes.c_bool}
[2m[36m(pid=10644)[0m /home/tgrinev/jax_muzero/vec_env/shmem_vec_env.py:18: DeprecationWarning: `np.bool` is a deprecated alias for the builtin `bool`. To silence this warning, use `bool` by itself. Doing this will not modify any behavior and is safe. If you specifically wanted the numpy scalar type, use `np.bool_` here.
[2m[36m(pid=10644)[0m Deprecated in NumPy 1.20; for more details and guidance: https://numpy.org/devdocs/release/1.20.0-notes.html#deprecations
[2m[36m(pid=10644)[0m   np.bool: ctypes.c_bool}
[2m[36m(pid=10644)[0m /home/tgrinev/.local/lib/python3.9/site-packages/gym/utils/seeding.py:47: DeprecationWarning: [33mWARN: Function `rng.randint(low, [high, size, dtype])` is marked as deprecated and will be removed in the future. Please use `rng.integers(low, [high, size, dtype])` instead.[0m
[2m[36m(pid=10644)[0m   deprecation(
[2m[36m(pid=10644)[0m /home/tgrinev/jax_muzero/vec_env/shmem_vec_env.py:18: DeprecationWarning: `np.bool` is a deprecated alias for the builtin `bool`. To silence this warning, use `bool` by itself. Doing this will not modify any behavior and is safe. If you specifically wanted the numpy scalar type, use `np.bool_` here.
[2m[36m(pid=10644)[0m Deprecated in NumPy 1.20; for more details and guidance: https://numpy.org/devdocs/release/1.20.0-notes.html#deprecations
[2m[36m(pid=10644)[0m   np.bool: ctypes.c_bool}
[2m[36m(pid=10644)[0m /home/tgrinev/jax_muzero/vec_env/shmem_vec_env.py:18: DeprecationWarning: `np.bool` is a deprecated alias for the builtin `bool`. To silence this warning, use `bool` by itself. Doing this will not modify any behavior and is safe. If you specifically wanted the numpy scalar type, use `np.bool_` here.
[2m[36m(pid=10644)[0m Deprecated in NumPy 1.20; for more details and guidance: https://numpy.org/devdocs/release/1.20.0-notes.html#deprecations
[2m[36m(pid=10644)[0m   np.bool: ctypes.c_bool}
[2m[36m(pid=10644)[0m /home/tgrinev/.local/lib/python3.9/site-packages/gym/utils/seeding.py:47: DeprecationWarning: [33mWARN: Function `rng.randint(low, [high, size, dtype])` is marked as deprecated and will be removed in the future. Please use `rng.integers(low, [high, size, dtype])` instead.[0m
[2m[36m(pid=10644)[0m   deprecation(
[2m[36m(pid=10644)[0m /home/tgrinev/jax_muzero/vec_env/shmem_vec_env.py:18: DeprecationWarning: `np.bool` is a deprecated alias for the builtin `bool`. To silence this warning, use `bool` by itself. Doing this will not modify any behavior and is safe. If you specifically wanted the numpy scalar type, use `np.bool_` here.
[2m[36m(pid=10644)[0m Deprecated in NumPy 1.20; for more details and guidance: https://numpy.org/devdocs/release/1.20.0-notes.html#deprecations
[2m[36m(pid=10644)[0m   np.bool: ctypes.c_bool}
[2m[36m(pid=10644)[0m /home/tgrinev/jax_muzero/vec_env/shmem_vec_env.py:18: DeprecationWarning: `np.bool` is a deprecated alias for the builtin `bool`. To silence this warning, use `bool` by itself. Doing this will not modify any behavior and is safe. If you specifically wanted the numpy scalar type, use `np.bool_` here.
[2m[36m(pid=10644)[0m Deprecated in NumPy 1.20; for more details and guidance: https://numpy.org/devdocs/release/1.20.0-notes.html#deprecations
[2m[36m(pid=10644)[0m   np.bool: ctypes.c_bool}
[2m[36m(pid=10644)[0m /home/tgrinev/.local/lib/python3.9/site-packages/gym/utils/seeding.py:47: DeprecationWarning: [33mWARN: Function `rng.randint(low, [high, size, dtype])` is marked as deprecated and will be removed in the future. Please use `rng.integers(low, [high, size, dtype])` instead.[0m
[2m[36m(pid=10644)[0m   deprecation(
[2m[36m(pid=10644)[0m /home/tgrinev/jax_muzero/vec_env/shmem_vec_env.py:18: DeprecationWarning: `np.bool` is a deprecated alias for the builtin `bool`. To silence this warning, use `bool` by itself. Doing this will not modify any behavior and is safe. If you specifically wanted the numpy scalar type, use `np.bool_` here.
[2m[36m(pid=10644)[0m Deprecated in NumPy 1.20; for more details and guidance: https://numpy.org/devdocs/release/1.20.0-notes.html#deprecations
[2m[36m(pid=10644)[0m   np.bool: ctypes.c_bool}
[2m[36m(pid=10644)[0m /home/tgrinev/jax_muzero/vec_env/shmem_vec_env.py:18: DeprecationWarning: `np.bool` is a deprecated alias for the builtin `bool`. To silence this warning, use `bool` by itself. Doing this will not modify any behavior and is safe. If you specifically wanted the numpy scalar type, use `np.bool_` here.
[2m[36m(pid=10644)[0m Deprecated in NumPy 1.20; for more details and guidance: https://numpy.org/devdocs/release/1.20.0-notes.html#deprecations
[2m[36m(pid=10644)[0m   np.bool: ctypes.c_bool}
[2m[36m(pid=10644)[0m /home/tgrinev/.local/lib/python3.9/site-packages/gym/utils/seeding.py:47: DeprecationWarning: [33mWARN: Function `rng.randint(low, [high, size, dtype])` is marked as deprecated and will be removed in the future. Please use `rng.integers(low, [high, size, dtype])` instead.[0m
[2m[36m(pid=10644)[0m   deprecation(
[2m[36m(pid=10644)[0m /home/tgrinev/jax_muzero/vec_env/shmem_vec_env.py:18: DeprecationWarning: `np.bool` is a deprecated alias for the builtin `bool`. To silence this warning, use `bool` by itself. Doing this will not modify any behavior and is safe. If you specifically wanted the numpy scalar type, use `np.bool_` here.
[2m[36m(pid=10644)[0m Deprecated in NumPy 1.20; for more details and guidance: https://numpy.org/devdocs/release/1.20.0-notes.html#deprecations
[2m[36m(pid=10644)[0m   np.bool: ctypes.c_bool}
[2m[36m(pid=10644)[0m /home/tgrinev/jax_muzero/vec_env/shmem_vec_env.py:18: DeprecationWarning: `np.bool` is a deprecated alias for the builtin `bool`. To silence this warning, use `bool` by itself. Doing this will not modify any behavior and is safe. If you specifically wanted the numpy scalar type, use `np.bool_` here.
[2m[36m(pid=10644)[0m Deprecated in NumPy 1.20; for more details and guidance: https://numpy.org/devdocs/release/1.20.0-notes.html#deprecations
[2m[36m(pid=10644)[0m   np.bool: ctypes.c_bool}
[2m[36m(pid=10644)[0m /home/tgrinev/jax_muzero/vec_env/shmem_vec_env.py:18: DeprecationWarning: `np.bool` is a deprecated alias for the builtin `bool`. To silence this warning, use `bool` by itself. Doing this will not modify any behavior and is safe. If you specifically wanted the numpy scalar type, use `np.bool_` here.
[2m[36m(pid=10644)[0m Deprecated in NumPy 1.20; for more details and guidance: https://numpy.org/devdocs/release/1.20.0-notes.html#deprecations
[2m[36m(pid=10644)[0m   np.bool: ctypes.c_bool}
[2m[36m(pid=10644)[0m /home/tgrinev/jax_muzero/vec_env/shmem_vec_env.py:18: DeprecationWarning: `np.bool` is a deprecated alias for the builtin `bool`. To silence this warning, use `bool` by itself. Doing this will not modify any behavior and is safe. If you specifically wanted the numpy scalar type, use `np.bool_` here.
[2m[36m(pid=10644)[0m Deprecated in NumPy 1.20; for more details and guidance: https://numpy.org/devdocs/release/1.20.0-notes.html#deprecations
[2m[36m(pid=10644)[0m   np.bool: ctypes.c_bool}
[2m[36m(pid=10644)[0m /home/tgrinev/jax_muzero/vec_env/shmem_vec_env.py:18: DeprecationWarning: `np.bool` is a deprecated alias for the builtin `bool`. To silence this warning, use `bool` by itself. Doing this will not modify any behavior and is safe. If you specifically wanted the numpy scalar type, use `np.bool_` here.
[2m[36m(pid=10644)[0m Deprecated in NumPy 1.20; for more details and guidance: https://numpy.org/devdocs/release/1.20.0-notes.html#deprecations
[2m[36m(pid=10644)[0m   np.bool: ctypes.c_bool}
[2m[36m(pid=10644)[0m /home/tgrinev/.local/lib/python3.9/site-packages/gym/utils/seeding.py:47: DeprecationWarning: [33mWARN: Function `rng.randint(low, [high, size, dtype])` is marked as deprecated and will be removed in the future. Please use `rng.integers(low, [high, size, dtype])` instead.[0m
[2m[36m(pid=10644)[0m   deprecation(
[2m[36m(pid=10644)[0m /home/tgrinev/.local/lib/python3.9/site-packages/gym/utils/seeding.py:47: DeprecationWarning: [33mWARN: Function `rng.randint(low, [high, size, dtype])` is marked as deprecated and will be removed in the future. Please use `rng.integers(low, [high, size, dtype])` instead.[0m
[2m[36m(pid=10644)[0m   deprecation(
[2m[36m(pid=10644)[0m /home/tgrinev/jax_muzero/vec_env/shmem_vec_env.py:18: DeprecationWarning: `np.bool` is a deprecated alias for the builtin `bool`. To silence this warning, use `bool` by itself. Doing this will not modify any behavior and is safe. If you specifically wanted the numpy scalar type, use `np.bool_` here.
[2m[36m(pid=10644)[0m Deprecated in NumPy 1.20; for more details and guidance: https://numpy.org/devdocs/release/1.20.0-notes.html#deprecations
[2m[36m(pid=10644)[0m   np.bool: ctypes.c_bool}
[2m[36m(pid=10644)[0m /home/tgrinev/jax_muzero/vec_env/shmem_vec_env.py:18: DeprecationWarning: `np.bool` is a deprecated alias for the builtin `bool`. To silence this warning, use `bool` by itself. Doing this will not modify any behavior and is safe. If you specifically wanted the numpy scalar type, use `np.bool_` here.
[2m[36m(pid=10644)[0m Deprecated in NumPy 1.20; for more details and guidance: https://numpy.org/devdocs/release/1.20.0-notes.html#deprecations
[2m[36m(pid=10644)[0m   np.bool: ctypes.c_bool}
[2m[36m(pid=10644)[0m /home/tgrinev/jax_muzero/vec_env/shmem_vec_env.py:18: DeprecationWarning: `np.bool` is a deprecated alias for the builtin `bool`. To silence this warning, use `bool` by itself. Doing this will not modify any behavior and is safe. If you specifically wanted the numpy scalar type, use `np.bool_` here.
[2m[36m(pid=10644)[0m Deprecated in NumPy 1.20; for more details and guidance: https://numpy.org/devdocs/release/1.20.0-notes.html#deprecations
[2m[36m(pid=10644)[0m   np.bool: ctypes.c_bool}
[2m[36m(pid=10644)[0m /home/tgrinev/jax_muzero/vec_env/shmem_vec_env.py:18: DeprecationWarning: `np.bool` is a deprecated alias for the builtin `bool`. To silence this warning, use `bool` by itself. Doing this will not modify any behavior and is safe. If you specifically wanted the numpy scalar type, use `np.bool_` here.
[2m[36m(pid=10644)[0m Deprecated in NumPy 1.20; for more details and guidance: https://numpy.org/devdocs/release/1.20.0-notes.html#deprecations
[2m[36m(pid=10644)[0m   np.bool: ctypes.c_bool}
[2m[36m(pid=10644)[0m /home/tgrinev/jax_muzero/vec_env/shmem_vec_env.py:18: DeprecationWarning: `np.bool` is a deprecated alias for the builtin `bool`. To silence this warning, use `bool` by itself. Doing this will not modify any behavior and is safe. If you specifically wanted the numpy scalar type, use `np.bool_` here.
[2m[36m(pid=10644)[0m Deprecated in NumPy 1.20; for more details and guidance: https://numpy.org/devdocs/release/1.20.0-notes.html#deprecations
[2m[36m(pid=10644)[0m   np.bool: ctypes.c_bool}
[2m[36m(pid=10644)[0m /home/tgrinev/jax_muzero/vec_env/shmem_vec_env.py:18: DeprecationWarning: `np.bool` is a deprecated alias for the builtin `bool`. To silence this warning, use `bool` by itself. Doing this will not modify any behavior and is safe. If you specifically wanted the numpy scalar type, use `np.bool_` here.
[2m[36m(pid=10644)[0m Deprecated in NumPy 1.20; for more details and guidance: https://numpy.org/devdocs/release/1.20.0-notes.html#deprecations
[2m[36m(pid=10644)[0m   np.bool: ctypes.c_bool}
[2m[36m(pid=10644)[0m /home/tgrinev/jax_muzero/vec_env/shmem_vec_env.py:18: DeprecationWarning: `np.bool` is a deprecated alias for the builtin `bool`. To silence this warning, use `bool` by itself. Doing this will not modify any behavior and is safe. If you specifically wanted the numpy scalar type, use `np.bool_` here.
[2m[36m(pid=10644)[0m Deprecated in NumPy 1.20; for more details and guidance: https://numpy.org/devdocs/release/1.20.0-notes.html#deprecations
[2m[36m(pid=10644)[0m   np.bool: ctypes.c_bool}
[2m[36m(pid=10644)[0m /home/tgrinev/.local/lib/python3.9/site-packages/gym/utils/seeding.py:47: DeprecationWarning: [33mWARN: Function `rng.randint(low, [high, size, dtype])` is marked as deprecated and will be removed in the future. Please use `rng.integers(low, [high, size, dtype])` instead.[0m
[2m[36m(pid=10644)[0m   deprecation(
[2m[36m(pid=10644)[0m /home/tgrinev/jax_muzero/vec_env/shmem_vec_env.py:18: DeprecationWarning: `np.bool` is a deprecated alias for the builtin `bool`. To silence this warning, use `bool` by itself. Doing this will not modify any behavior and is safe. If you specifically wanted the numpy scalar type, use `np.bool_` here.
[2m[36m(pid=10644)[0m Deprecated in NumPy 1.20; for more details and guidance: https://numpy.org/devdocs/release/1.20.0-notes.html#deprecations
[2m[36m(pid=10644)[0m   np.bool: ctypes.c_bool}
[2m[36m(pid=10644)[0m /home/tgrinev/jax_muzero/vec_env/shmem_vec_env.py:18: DeprecationWarning: `np.bool` is a deprecated alias for the builtin `bool`. To silence this warning, use `bool` by itself. Doing this will not modify any behavior and is safe. If you specifically wanted the numpy scalar type, use `np.bool_` here.
[2m[36m(pid=10644)[0m Deprecated in NumPy 1.20; for more details and guidance: https://numpy.org/devdocs/release/1.20.0-notes.html#deprecations
[2m[36m(pid=10644)[0m   np.bool: ctypes.c_bool}
[2m[36m(pid=10644)[0m /home/tgrinev/.local/lib/python3.9/site-packages/gym/utils/seeding.py:47: DeprecationWarning: [33mWARN: Function `rng.randint(low, [high, size, dtype])` is marked as deprecated and will be removed in the future. Please use `rng.integers(low, [high, size, dtype])` instead.[0m
[2m[36m(pid=10644)[0m   deprecation(
[2m[36m(pid=10644)[0m /home/tgrinev/.local/lib/python3.9/site-packages/gym/utils/seeding.py:47: DeprecationWarning: [33mWARN: Function `rng.randint(low, [high, size, dtype])` is marked as deprecated and will be removed in the future. Please use `rng.integers(low, [high, size, dtype])` instead.[0m
[2m[36m(pid=10644)[0m   deprecation(
[2m[36m(pid=10644)[0m /home/tgrinev/jax_muzero/vec_env/shmem_vec_env.py:18: DeprecationWarning: `np.bool` is a deprecated alias for the builtin `bool`. To silence this warning, use `bool` by itself. Doing this will not modify any behavior and is safe. If you specifically wanted the numpy scalar type, use `np.bool_` here.
[2m[36m(pid=10644)[0m Deprecated in NumPy 1.20; for more details and guidance: https://numpy.org/devdocs/release/1.20.0-notes.html#deprecations
[2m[36m(pid=10644)[0m   np.bool: ctypes.c_bool}
[2m[36m(pid=10644)[0m /home/tgrinev/.local/lib/python3.9/site-packages/gym/utils/seeding.py:47: DeprecationWarning: [33mWARN: Function `rng.randint(low, [high, size, dtype])` is marked as deprecated and will be removed in the future. Please use `rng.integers(low, [high, size, dtype])` instead.[0m
[2m[36m(pid=10644)[0m   deprecation(
[2m[36m(pid=10644)[0m /home/tgrinev/.local/lib/python3.9/site-packages/gym/utils/seeding.py:47: DeprecationWarning: [33mWARN: Function `rng.randint(low, [high, size, dtype])` is marked as deprecated and will be removed in the future. Please use `rng.integers(low, [high, size, dtype])` instead.[0m
[2m[36m(pid=10644)[0m   deprecation(
[2m[36m(pid=10644)[0m /home/tgrinev/.local/lib/python3.9/site-packages/gym/utils/seeding.py:47: DeprecationWarning: [33mWARN: Function `rng.randint(low, [high, size, dtype])` is marked as deprecated and will be removed in the future. Please use `rng.integers(low, [high, size, dtype])` instead.[0m
[2m[36m(pid=10644)[0m   deprecation(
[2m[36m(pid=10644)[0m /home/tgrinev/.local/lib/python3.9/site-packages/gym/utils/seeding.py:47: DeprecationWarning: [33mWARN: Function `rng.randint(low, [high, size, dtype])` is marked as deprecated and will be removed in the future. Please use `rng.integers(low, [high, size, dtype])` instead.[0m
[2m[36m(pid=10644)[0m   deprecation(
[2m[36m(pid=10644)[0m /home/tgrinev/.local/lib/python3.9/site-packages/gym/utils/seeding.py:47: DeprecationWarning: [33mWARN: Function `rng.randint(low, [high, size, dtype])` is marked as deprecated and will be removed in the future. Please use `rng.integers(low, [high, size, dtype])` instead.[0m
[2m[36m(pid=10644)[0m   deprecation(
[2m[36m(pid=10644)[0m /home/tgrinev/.local/lib/python3.9/site-packages/gym/utils/seeding.py:47: DeprecationWarning: [33mWARN: Function `rng.randint(low, [high, size, dtype])` is marked as deprecated and will be removed in the future. Please use `rng.integers(low, [high, size, dtype])` instead.[0m
[2m[36m(pid=10644)[0m   deprecation(
[2m[36m(pid=10644)[0m /home/tgrinev/.local/lib/python3.9/site-packages/gym/utils/seeding.py:47: DeprecationWarning: [33mWARN: Function `rng.randint(low, [high, size, dtype])` is marked as deprecated and will be removed in the future. Please use `rng.integers(low, [high, size, dtype])` instead.[0m
[2m[36m(pid=10644)[0m   deprecation(
[2m[36m(pid=10644)[0m /home/tgrinev/.local/lib/python3.9/site-packages/gym/utils/seeding.py:47: DeprecationWarning: [33mWARN: Function `rng.randint(low, [high, size, dtype])` is marked as deprecated and will be removed in the future. Please use `rng.integers(low, [high, size, dtype])` instead.[0m
[2m[36m(pid=10644)[0m   deprecation(
[2m[36m(pid=10644)[0m /home/tgrinev/.local/lib/python3.9/site-packages/gym/utils/seeding.py:47: DeprecationWarning: [33mWARN: Function `rng.randint(low, [high, size, dtype])` is marked as deprecated and will be removed in the future. Please use `rng.integers(low, [high, size, dtype])` instead.[0m
[2m[36m(pid=10644)[0m   deprecation(
[2m[36m(pid=10644)[0m /home/tgrinev/.local/lib/python3.9/site-packages/gym/utils/seeding.py:47: DeprecationWarning: [33mWARN: Function `rng.randint(low, [high, size, dtype])` is marked as deprecated and will be removed in the future. Please use `rng.integers(low, [high, size, dtype])` instead.[0m
[2m[36m(pid=10644)[0m   deprecation(
[2m[36m(pid=10644)[0m /home/tgrinev/.local/lib/python3.9/site-packages/gym/utils/seeding.py:47: DeprecationWarning: [33mWARN: Function `rng.randint(low, [high, size, dtype])` is marked as deprecated and will be removed in the future. Please use `rng.integers(low, [high, size, dtype])` instead.[0m
[2m[36m(pid=10644)[0m   deprecation(
[2m[36m(pid=10644)[0m /home/tgrinev/.local/lib/python3.9/site-packages/gym/utils/seeding.py:47: DeprecationWarning: [33mWARN: Function `rng.randint(low, [high, size, dtype])` is marked as deprecated and will be removed in the future. Please use `rng.integers(low, [high, size, dtype])` instead.[0m
[2m[36m(pid=10644)[0m   deprecation(
[2m[36m(pid=10644)[0m /home/tgrinev/.local/lib/python3.9/site-packages/gym/utils/seeding.py:47: DeprecationWarning: [33mWARN: Function `rng.randint(low, [high, size, dtype])` is marked as deprecated and will be removed in the future. Please use `rng.integers(low, [high, size, dtype])` instead.[0m
[2m[36m(pid=10644)[0m   deprecation(
[2m[36m(pid=10644)[0m /home/tgrinev/.local/lib/python3.9/site-packages/gym/utils/seeding.py:47: DeprecationWarning: [33mWARN: Function `rng.randint(low, [high, size, dtype])` is marked as deprecated and will be removed in the future. Please use `rng.integers(low, [high, size, dtype])` instead.[0m
[2m[36m(pid=10644)[0m   deprecation(
[2m[36m(pid=10644)[0m /home/tgrinev/.local/lib/python3.9/site-packages/gym/utils/seeding.py:47: DeprecationWarning: [33mWARN: Function `rng.randint(low, [high, size, dtype])` is marked as deprecated and will be removed in the future. Please use `rng.integers(low, [high, size, dtype])` instead.[0m
[2m[36m(pid=10644)[0m   deprecation(
[2m[36m(pid=10644)[0m /home/tgrinev/.local/lib/python3.9/site-packages/gym/utils/seeding.py:47: DeprecationWarning: [33mWARN: Function `rng.randint(low, [high, size, dtype])` is marked as deprecated and will be removed in the future. Please use `rng.integers(low, [high, size, dtype])` instead.[0m
[2m[36m(pid=10644)[0m   deprecation(
[2m[36m(pid=10644)[0m /home/tgrinev/.local/lib/python3.9/site-packages/gym/utils/seeding.py:47: DeprecationWarning: [33mWARN: Function `rng.randint(low, [high, size, dtype])` is marked as deprecated and will be removed in the future. Please use `rng.integers(low, [high, size, dtype])` instead.[0m
[2m[36m(pid=10644)[0m   deprecation(
[2m[36m(pid=10644)[0m /home/tgrinev/.local/lib/python3.9/site-packages/gym/utils/seeding.py:47: DeprecationWarning: [33mWARN: Function `rng.randint(low, [high, size, dtype])` is marked as deprecated and will be removed in the future. Please use `rng.integers(low, [high, size, dtype])` instead.[0m
[2m[36m(pid=10644)[0m   deprecation(
[2m[36m(pid=10644)[0m /home/tgrinev/.local/lib/python3.9/site-packages/gym/utils/seeding.py:47: DeprecationWarning: [33mWARN: Function `rng.randint(low, [high, size, dtype])` is marked as deprecated and will be removed in the future. Please use `rng.integers(low, [high, size, dtype])` instead.[0m
[2m[36m(pid=10644)[0m   deprecation(
[2m[36m(pid=10644)[0m /home/tgrinev/.local/lib/python3.9/site-packages/gym/utils/seeding.py:47: DeprecationWarning: [33mWARN: Function `rng.randint(low, [high, size, dtype])` is marked as deprecated and will be removed in the future. Please use `rng.integers(low, [high, size, dtype])` instead.[0m
[2m[36m(pid=10644)[0m   deprecation(
[2m[36m(pid=10644)[0m /home/tgrinev/.local/lib/python3.9/site-packages/gym/utils/seeding.py:47: DeprecationWarning: [33mWARN: Function `rng.randint(low, [high, size, dtype])` is marked as deprecated and will be removed in the future. Please use `rng.integers(low, [high, size, dtype])` instead.[0m
[2m[36m(pid=10644)[0m   deprecation(
[2m[36m(pid=10644)[0m /home/tgrinev/.local/lib/python3.9/site-packages/gym/utils/seeding.py:47: DeprecationWarning: [33mWARN: Function `rng.randint(low, [high, size, dtype])` is marked as deprecated and will be removed in the future. Please use `rng.integers(low, [high, size, dtype])` instead.[0m
[2m[36m(pid=10644)[0m   deprecation(
[2m[36m(pid=10644)[0m /home/tgrinev/.local/lib/python3.9/site-packages/gym/utils/seeding.py:47: DeprecationWarning: [33mWARN: Function `rng.randint(low, [high, size, dtype])` is marked as deprecated and will be removed in the future. Please use `rng.integers(low, [high, size, dtype])` instead.[0m
[2m[36m(pid=10644)[0m   deprecation(
[2m[36m(pid=10644)[0m /home/tgrinev/.local/lib/python3.9/site-packages/jax/_src/tree_util.py:188: FutureWarning: jax.tree_util.tree_multimap() is deprecated. Please use jax.tree_util.tree_map() instead as a drop-in replacement.
[2m[36m(pid=10644)[0m   warnings.warn('jax.tree_util.tree_multimap() is deprecated. Please use jax.tree_util.tree_map() '
[2m[36m(pid=10644)[0m /home/tgrinev/.local/lib/python3.9/site-packages/gym/utils/seeding.py:47: DeprecationWarning: [33mWARN: Function `rng.randint(low, [high, size, dtype])` is marked as deprecated and will be removed in the future. Please use `rng.integers(low, [high, size, dtype])` instead.[0m
[2m[36m(pid=10644)[0m   deprecation(
[2m[36m(pid=10644)[0m /home/tgrinev/.local/lib/python3.9/site-packages/gym/utils/seeding.py:47: DeprecationWarning: [33mWARN: Function `rng.randint(low, [high, size, dtype])` is marked as deprecated and will be removed in the future. Please use `rng.integers(low, [high, size, dtype])` instead.[0m
[2m[36m(pid=10644)[0m   deprecation(
wandb: Network error (ReadTimeout), entering retry loop.
wandb: Network error (ReadTimeout), entering retry loop.
wandb: Network error (ReadTimeout), entering retry loop.
wandb: Network error (ReadTimeout), entering retry loop.
2022-04-26 19:33:39,491	WARNING trial_runner.py:714 -- Trial Runner checkpointing failed: [Errno 2] No such file or directory: '/home/tgrinev/ray_results/minigrid_prior_prior/.tmp_checkpoint' -> '/home/tgrinev/ray_results/minigrid_prior_prior/experiment_state-2022-04-26_10-28-10.json'
wandb: Network error (ReadTimeout), entering retry loop.
wandb: Network error (ReadTimeout), entering retry loop.
2022-04-26 21:14:02,123	WARNING trial_runner.py:714 -- Trial Runner checkpointing failed: [Errno 2] No such file or directory: '/home/tgrinev/ray_results/minigrid_prior_prior/.tmp_checkpoint' -> '/home/tgrinev/ray_results/minigrid_prior_prior/experiment_state-2022-04-25_18-32-08.json'
wandb: Network error (ReadTimeout), entering retry loop.
2022-04-27 00:43:44,061	WARNING ray_trial_executor.py:768 -- Over the last 60 seconds, the Tune event loop has been backlogged processing new results. Consider increasing your period of result reporting to improve performance.
2022-04-27 01:34:43,913	WARNING ray_trial_executor.py:768 -- Over the last 60 seconds, the Tune event loop has been backlogged processing new results. Consider increasing your period of result reporting to improve performance.
wandb: Network error (ReadTimeout), entering retry loop.
wandb: Network error (ReadTimeout), entering retry loop.
wandb: Network error (ReadTimeout), entering retry loop.
wandb: Network error (ReadTimeout), entering retry loop.
wandb: Network error (ReadTimeout), entering retry loop.
wandb: Network error (ReadTimeout), entering retry loop.
2022-04-27 10:52:26,621	WARNING ray_trial_executor.py:768 -- Over the last 60 seconds, the Tune event loop has been backlogged processing new results. Consider increasing your period of result reporting to improve performance.
2022-04-27 11:10:36,874	WARNING util.py:165 -- The `fetch_result` operation took 0.682 s, which may be a performance bottleneck.
2022-04-27 11:10:41,935	WARNING util.py:165 -- The `callbacks.on_trial_result` operation took 3.972 s, which may be a performance bottleneck.
2022-04-27 11:10:41,940	WARNING util.py:165 -- The `process_trial_result` operation took 3.977 s, which may be a performance bottleneck.
2022-04-27 11:10:41,965	WARNING util.py:165 -- Processing trial results took 4.002 s, which may be a performance bottleneck. Please consider reporting results less frequently to Ray Tune.
2022-04-27 11:10:41,965	WARNING util.py:165 -- The `process_trial` operation took 5.774 s, which may be a performance bottleneck.
wandb: Network error (ReadTimeout), entering retry loop.
wandb: Network error (ReadTimeout), entering retry loop.
2022-04-27 14:14:58,959	WARNING trial_runner.py:714 -- Trial Runner checkpointing failed: [Errno 2] No such file or directory: '/home/tgrinev/ray_results/minigrid_prior_prior/.tmp_checkpoint' -> '/home/tgrinev/ray_results/minigrid_prior_prior/experiment_state-2022-04-25_18-32-08.json'
wandb: Network error (ReadTimeout), entering retry loop.
wandb: Network error (ReadTimeout), entering retry loop.
wandb: Network error (ReadTimeout), entering retry loop.
wandb: Network error (ReadTimeout), entering retry loop.
slurmstepd: error: *** JOB 565958 ON cn-004 CANCELLED AT 2022-04-27T18:31:36 DUE TO TIME LIMIT ***
wandb: Network error (ReadTimeout), entering retry loop.
2022-04-27 20:30:00,684	WARNING ray_trial_executor.py:768 -- Over the last 60 seconds, the Tune event loop has been backlogged processing new results. Consider increasing your period of result reporting to improve performance.
wandb: Network error (ReadTimeout), entering retry loop.
2022-04-27 22:08:22,822	WARNING util.py:165 -- The `on_step_begin` operation took 1.013 s, which may be a performance bottleneck.
wandb: Network error (ReadTimeout), entering retry loop.
wandb: Network error (ReadTimeout), entering retry loop.
wandb: Network error (ReadTimeout), entering retry loop.
wandb: Network error (ReadTimeout), entering retry loop.
slurmstepd: error: *** JOB 567544 ON cn-046 CANCELLED AT 2022-04-28T10:27:28 DUE TO TIME LIMIT ***
