/home/tgrinev/jax_muzero/vec_env/shmem_vec_env.py:18: DeprecationWarning: `np.bool` is a deprecated alias for the builtin `bool`. To silence this warning, use `bool` by itself. Doing this will not modify any behavior and is safe. If you specifically wanted the numpy scalar type, use `np.bool_` here.
Deprecated in NumPy 1.20; for more details and guidance: https://numpy.org/devdocs/release/1.20.0-notes.html#deprecations
  np.bool: ctypes.c_bool}
/opt/software/python/anaconda/2021_11/lib/python3.9/site-packages/flatbuffers/compat.py:19: DeprecationWarning: the imp module is deprecated in favour of importlib; see the module's documentation for alternative uses
  import imp
wandb: Currently logged in as: green-of-tim (use `wandb login --relogin` to force relogin)
wandb: Tracking run with wandb version 0.12.13
wandb: Run data is saved locally in /home/tgrinev/jax_muzero/wandb/run-20220426_102746-1y2ymtyv
wandb: Run `wandb offline` to turn off syncing.
wandb: Syncing run rare-surf-20
wandb: â­ï¸ View project at https://wandb.ai/green-of-tim/MuZero
wandb: ðŸš€ View run at https://wandb.ai/green-of-tim/MuZero/runs/1y2ymtyv
[34m[1mwandb[0m: [33mWARNING[0m Found log directory outside of given root_logdir, dropping given root_logdir for event file in /home/tgrinev/ray_results/minigrid_lieck_lieck/Experiment_Minigrid_68101_00000_0_2022-04-26_10-28-02
[2m[36m(pid=123672)[0m /home/tgrinev/jax_muzero/vec_env/shmem_vec_env.py:18: DeprecationWarning: `np.bool` is a deprecated alias for the builtin `bool`. To silence this warning, use `bool` by itself. Doing this will not modify any behavior and is safe. If you specifically wanted the numpy scalar type, use `np.bool_` here.
[2m[36m(pid=123672)[0m Deprecated in NumPy 1.20; for more details and guidance: https://numpy.org/devdocs/release/1.20.0-notes.html#deprecations
[2m[36m(pid=123672)[0m   np.bool: ctypes.c_bool}
[2m[36m(pid=123672)[0m /opt/software/python/anaconda/2021_11/lib/python3.9/site-packages/flatbuffers/compat.py:19: DeprecationWarning: the imp module is deprecated in favour of importlib; see the module's documentation for alternative uses
[2m[36m(pid=123672)[0m   import imp
[2m[36m(pid=123672)[0m WARNING:absl:No GPU/TPU found, falling back to CPU. (Set TF_CPP_MIN_LOG_LEVEL=0 and rerun for more info.)
[2m[36m(pid=123672)[0m WARNING:root:Running on 1 cpu(s)
[2m[36m(pid=123672)[0m /home/tgrinev/.local/lib/python3.9/site-packages/gym/utils/seeding.py:47: DeprecationWarning: [33mWARN: Function `rng.randint(low, [high, size, dtype])` is marked as deprecated and will be removed in the future. Please use `rng.integers(low, [high, size, dtype])` instead.[0m
[2m[36m(pid=123672)[0m   deprecation(
[2m[36m(pid=123672)[0m /home/tgrinev/jax_muzero/vec_env/dummy_vec_env.py:26: DeprecationWarning: `np.bool` is a deprecated alias for the builtin `bool`. To silence this warning, use `bool` by itself. Doing this will not modify any behavior and is safe. If you specifically wanted the numpy scalar type, use `np.bool_` here.
[2m[36m(pid=123672)[0m Deprecated in NumPy 1.20; for more details and guidance: https://numpy.org/devdocs/release/1.20.0-notes.html#deprecations
[2m[36m(pid=123672)[0m   self.buf_dones = np.zeros((self.num_envs,), dtype=np.bool)
[2m[36m(pid=123672)[0m /home/tgrinev/jax_muzero/vec_env/vec_frame_stack.py:15: DeprecationWarning: `np.bool` is a deprecated alias for the builtin `bool`. To silence this warning, use `bool` by itself. Doing this will not modify any behavior and is safe. If you specifically wanted the numpy scalar type, use `np.bool_` here.
[2m[36m(pid=123672)[0m Deprecated in NumPy 1.20; for more details and guidance: https://numpy.org/devdocs/release/1.20.0-notes.html#deprecations
[2m[36m(pid=123672)[0m   self.news = np.zeros((venv.num_envs,), dtype=np.bool)
[2m[36m(pid=123672)[0m WARNING:root:Creating dummy env object to get spaces
[2m[36m(pid=123672)[0m /home/tgrinev/jax_muzero/vec_env/shmem_vec_env.py:58: DeprecationWarning: `np.bool` is a deprecated alias for the builtin `bool`. To silence this warning, use `bool` by itself. Doing this will not modify any behavior and is safe. If you specifically wanted the numpy scalar type, use `np.bool_` here.
[2m[36m(pid=123672)[0m Deprecated in NumPy 1.20; for more details and guidance: https://numpy.org/devdocs/release/1.20.0-notes.html#deprecations
[2m[36m(pid=123672)[0m   raw_done_buf = alloc_shmem(ctx, (len(env_fns),), np.bool)
[2m[36m(pid=123672)[0m /home/tgrinev/jax_muzero/vec_env/shmem_vec_env.py:18: DeprecationWarning: `np.bool` is a deprecated alias for the builtin `bool`. To silence this warning, use `bool` by itself. Doing this will not modify any behavior and is safe. If you specifically wanted the numpy scalar type, use `np.bool_` here.
[2m[36m(pid=123672)[0m Deprecated in NumPy 1.20; for more details and guidance: https://numpy.org/devdocs/release/1.20.0-notes.html#deprecations
[2m[36m(pid=123672)[0m   np.bool: ctypes.c_bool}
[2m[36m(pid=123672)[0m /home/tgrinev/jax_muzero/vec_env/shmem_vec_env.py:18: DeprecationWarning: `np.bool` is a deprecated alias for the builtin `bool`. To silence this warning, use `bool` by itself. Doing this will not modify any behavior and is safe. If you specifically wanted the numpy scalar type, use `np.bool_` here.
[2m[36m(pid=123672)[0m Deprecated in NumPy 1.20; for more details and guidance: https://numpy.org/devdocs/release/1.20.0-notes.html#deprecations
[2m[36m(pid=123672)[0m   np.bool: ctypes.c_bool}
[2m[36m(pid=123672)[0m /home/tgrinev/jax_muzero/vec_env/shmem_vec_env.py:18: DeprecationWarning: `np.bool` is a deprecated alias for the builtin `bool`. To silence this warning, use `bool` by itself. Doing this will not modify any behavior and is safe. If you specifically wanted the numpy scalar type, use `np.bool_` here.
[2m[36m(pid=123672)[0m Deprecated in NumPy 1.20; for more details and guidance: https://numpy.org/devdocs/release/1.20.0-notes.html#deprecations
[2m[36m(pid=123672)[0m   np.bool: ctypes.c_bool}
[2m[36m(pid=123672)[0m /home/tgrinev/jax_muzero/vec_env/shmem_vec_env.py:18: DeprecationWarning: `np.bool` is a deprecated alias for the builtin `bool`. To silence this warning, use `bool` by itself. Doing this will not modify any behavior and is safe. If you specifically wanted the numpy scalar type, use `np.bool_` here.
[2m[36m(pid=123672)[0m Deprecated in NumPy 1.20; for more details and guidance: https://numpy.org/devdocs/release/1.20.0-notes.html#deprecations
[2m[36m(pid=123672)[0m   np.bool: ctypes.c_bool}
[2m[36m(pid=123672)[0m /home/tgrinev/jax_muzero/vec_env/shmem_vec_env.py:18: DeprecationWarning: `np.bool` is a deprecated alias for the builtin `bool`. To silence this warning, use `bool` by itself. Doing this will not modify any behavior and is safe. If you specifically wanted the numpy scalar type, use `np.bool_` here.
[2m[36m(pid=123672)[0m Deprecated in NumPy 1.20; for more details and guidance: https://numpy.org/devdocs/release/1.20.0-notes.html#deprecations
[2m[36m(pid=123672)[0m   np.bool: ctypes.c_bool}
[2m[36m(pid=123672)[0m /home/tgrinev/jax_muzero/vec_env/shmem_vec_env.py:18: DeprecationWarning: `np.bool` is a deprecated alias for the builtin `bool`. To silence this warning, use `bool` by itself. Doing this will not modify any behavior and is safe. If you specifically wanted the numpy scalar type, use `np.bool_` here.
[2m[36m(pid=123672)[0m Deprecated in NumPy 1.20; for more details and guidance: https://numpy.org/devdocs/release/1.20.0-notes.html#deprecations
[2m[36m(pid=123672)[0m   np.bool: ctypes.c_bool}
[2m[36m(pid=123672)[0m /home/tgrinev/jax_muzero/vec_env/shmem_vec_env.py:18: DeprecationWarning: `np.bool` is a deprecated alias for the builtin `bool`. To silence this warning, use `bool` by itself. Doing this will not modify any behavior and is safe. If you specifically wanted the numpy scalar type, use `np.bool_` here.
[2m[36m(pid=123672)[0m Deprecated in NumPy 1.20; for more details and guidance: https://numpy.org/devdocs/release/1.20.0-notes.html#deprecations
[2m[36m(pid=123672)[0m   np.bool: ctypes.c_bool}
[2m[36m(pid=123672)[0m /home/tgrinev/jax_muzero/vec_env/shmem_vec_env.py:18: DeprecationWarning: `np.bool` is a deprecated alias for the builtin `bool`. To silence this warning, use `bool` by itself. Doing this will not modify any behavior and is safe. If you specifically wanted the numpy scalar type, use `np.bool_` here.
[2m[36m(pid=123672)[0m Deprecated in NumPy 1.20; for more details and guidance: https://numpy.org/devdocs/release/1.20.0-notes.html#deprecations
[2m[36m(pid=123672)[0m   np.bool: ctypes.c_bool}
[2m[36m(pid=123672)[0m /home/tgrinev/jax_muzero/vec_env/shmem_vec_env.py:18: DeprecationWarning: `np.bool` is a deprecated alias for the builtin `bool`. To silence this warning, use `bool` by itself. Doing this will not modify any behavior and is safe. If you specifically wanted the numpy scalar type, use `np.bool_` here.
[2m[36m(pid=123672)[0m Deprecated in NumPy 1.20; for more details and guidance: https://numpy.org/devdocs/release/1.20.0-notes.html#deprecations
[2m[36m(pid=123672)[0m   np.bool: ctypes.c_bool}
[2m[36m(pid=123672)[0m /home/tgrinev/jax_muzero/vec_env/shmem_vec_env.py:18: DeprecationWarning: `np.bool` is a deprecated alias for the builtin `bool`. To silence this warning, use `bool` by itself. Doing this will not modify any behavior and is safe. If you specifically wanted the numpy scalar type, use `np.bool_` here.
[2m[36m(pid=123672)[0m Deprecated in NumPy 1.20; for more details and guidance: https://numpy.org/devdocs/release/1.20.0-notes.html#deprecations
[2m[36m(pid=123672)[0m   np.bool: ctypes.c_bool}
[2m[36m(pid=123672)[0m /home/tgrinev/.local/lib/python3.9/site-packages/gym/utils/seeding.py:47: DeprecationWarning: [33mWARN: Function `rng.randint(low, [high, size, dtype])` is marked as deprecated and will be removed in the future. Please use `rng.integers(low, [high, size, dtype])` instead.[0m
[2m[36m(pid=123672)[0m   deprecation(
[2m[36m(pid=123672)[0m /home/tgrinev/jax_muzero/vec_env/shmem_vec_env.py:18: DeprecationWarning: `np.bool` is a deprecated alias for the builtin `bool`. To silence this warning, use `bool` by itself. Doing this will not modify any behavior and is safe. If you specifically wanted the numpy scalar type, use `np.bool_` here.
[2m[36m(pid=123672)[0m Deprecated in NumPy 1.20; for more details and guidance: https://numpy.org/devdocs/release/1.20.0-notes.html#deprecations
[2m[36m(pid=123672)[0m   np.bool: ctypes.c_bool}
[2m[36m(pid=123672)[0m /home/tgrinev/jax_muzero/vec_env/shmem_vec_env.py:18: DeprecationWarning: `np.bool` is a deprecated alias for the builtin `bool`. To silence this warning, use `bool` by itself. Doing this will not modify any behavior and is safe. If you specifically wanted the numpy scalar type, use `np.bool_` here.
[2m[36m(pid=123672)[0m Deprecated in NumPy 1.20; for more details and guidance: https://numpy.org/devdocs/release/1.20.0-notes.html#deprecations
[2m[36m(pid=123672)[0m   np.bool: ctypes.c_bool}
[2m[36m(pid=123672)[0m /home/tgrinev/.local/lib/python3.9/site-packages/gym/utils/seeding.py:47: DeprecationWarning: [33mWARN: Function `rng.randint(low, [high, size, dtype])` is marked as deprecated and will be removed in the future. Please use `rng.integers(low, [high, size, dtype])` instead.[0m
[2m[36m(pid=123672)[0m   deprecation(
[2m[36m(pid=123672)[0m /home/tgrinev/jax_muzero/vec_env/shmem_vec_env.py:18: DeprecationWarning: `np.bool` is a deprecated alias for the builtin `bool`. To silence this warning, use `bool` by itself. Doing this will not modify any behavior and is safe. If you specifically wanted the numpy scalar type, use `np.bool_` here.
[2m[36m(pid=123672)[0m Deprecated in NumPy 1.20; for more details and guidance: https://numpy.org/devdocs/release/1.20.0-notes.html#deprecations
[2m[36m(pid=123672)[0m   np.bool: ctypes.c_bool}
[2m[36m(pid=123672)[0m /home/tgrinev/.local/lib/python3.9/site-packages/gym/utils/seeding.py:47: DeprecationWarning: [33mWARN: Function `rng.randint(low, [high, size, dtype])` is marked as deprecated and will be removed in the future. Please use `rng.integers(low, [high, size, dtype])` instead.[0m
[2m[36m(pid=123672)[0m   deprecation(
[2m[36m(pid=123672)[0m /home/tgrinev/jax_muzero/vec_env/shmem_vec_env.py:18: DeprecationWarning: `np.bool` is a deprecated alias for the builtin `bool`. To silence this warning, use `bool` by itself. Doing this will not modify any behavior and is safe. If you specifically wanted the numpy scalar type, use `np.bool_` here.
[2m[36m(pid=123672)[0m Deprecated in NumPy 1.20; for more details and guidance: https://numpy.org/devdocs/release/1.20.0-notes.html#deprecations
[2m[36m(pid=123672)[0m   np.bool: ctypes.c_bool}
[2m[36m(pid=123672)[0m /home/tgrinev/jax_muzero/vec_env/shmem_vec_env.py:18: DeprecationWarning: `np.bool` is a deprecated alias for the builtin `bool`. To silence this warning, use `bool` by itself. Doing this will not modify any behavior and is safe. If you specifically wanted the numpy scalar type, use `np.bool_` here.
[2m[36m(pid=123672)[0m Deprecated in NumPy 1.20; for more details and guidance: https://numpy.org/devdocs/release/1.20.0-notes.html#deprecations
[2m[36m(pid=123672)[0m   np.bool: ctypes.c_bool}
[2m[36m(pid=123672)[0m /home/tgrinev/jax_muzero/vec_env/shmem_vec_env.py:18: DeprecationWarning: `np.bool` is a deprecated alias for the builtin `bool`. To silence this warning, use `bool` by itself. Doing this will not modify any behavior and is safe. If you specifically wanted the numpy scalar type, use `np.bool_` here.
[2m[36m(pid=123672)[0m Deprecated in NumPy 1.20; for more details and guidance: https://numpy.org/devdocs/release/1.20.0-notes.html#deprecations
[2m[36m(pid=123672)[0m   np.bool: ctypes.c_bool}
[2m[36m(pid=123672)[0m /home/tgrinev/.local/lib/python3.9/site-packages/gym/utils/seeding.py:47: DeprecationWarning: [33mWARN: Function `rng.randint(low, [high, size, dtype])` is marked as deprecated and will be removed in the future. Please use `rng.integers(low, [high, size, dtype])` instead.[0m
[2m[36m(pid=123672)[0m   deprecation(
[2m[36m(pid=123672)[0m /home/tgrinev/.local/lib/python3.9/site-packages/gym/utils/seeding.py:47: DeprecationWarning: [33mWARN: Function `rng.randint(low, [high, size, dtype])` is marked as deprecated and will be removed in the future. Please use `rng.integers(low, [high, size, dtype])` instead.[0m
[2m[36m(pid=123672)[0m   deprecation(
[2m[36m(pid=123672)[0m /home/tgrinev/jax_muzero/vec_env/shmem_vec_env.py:18: DeprecationWarning: `np.bool` is a deprecated alias for the builtin `bool`. To silence this warning, use `bool` by itself. Doing this will not modify any behavior and is safe. If you specifically wanted the numpy scalar type, use `np.bool_` here.
[2m[36m(pid=123672)[0m Deprecated in NumPy 1.20; for more details and guidance: https://numpy.org/devdocs/release/1.20.0-notes.html#deprecations
[2m[36m(pid=123672)[0m   np.bool: ctypes.c_bool}
[2m[36m(pid=123672)[0m /home/tgrinev/jax_muzero/vec_env/shmem_vec_env.py:18: DeprecationWarning: `np.bool` is a deprecated alias for the builtin `bool`. To silence this warning, use `bool` by itself. Doing this will not modify any behavior and is safe. If you specifically wanted the numpy scalar type, use `np.bool_` here.
[2m[36m(pid=123672)[0m Deprecated in NumPy 1.20; for more details and guidance: https://numpy.org/devdocs/release/1.20.0-notes.html#deprecations
[2m[36m(pid=123672)[0m   np.bool: ctypes.c_bool}
[2m[36m(pid=123672)[0m /home/tgrinev/jax_muzero/vec_env/shmem_vec_env.py:18: DeprecationWarning: `np.bool` is a deprecated alias for the builtin `bool`. To silence this warning, use `bool` by itself. Doing this will not modify any behavior and is safe. If you specifically wanted the numpy scalar type, use `np.bool_` here.
[2m[36m(pid=123672)[0m Deprecated in NumPy 1.20; for more details and guidance: https://numpy.org/devdocs/release/1.20.0-notes.html#deprecations
[2m[36m(pid=123672)[0m   np.bool: ctypes.c_bool}
[2m[36m(pid=123672)[0m /home/tgrinev/jax_muzero/vec_env/shmem_vec_env.py:18: DeprecationWarning: `np.bool` is a deprecated alias for the builtin `bool`. To silence this warning, use `bool` by itself. Doing this will not modify any behavior and is safe. If you specifically wanted the numpy scalar type, use `np.bool_` here.
[2m[36m(pid=123672)[0m Deprecated in NumPy 1.20; for more details and guidance: https://numpy.org/devdocs/release/1.20.0-notes.html#deprecations
[2m[36m(pid=123672)[0m   np.bool: ctypes.c_bool}
[2m[36m(pid=123672)[0m /home/tgrinev/.local/lib/python3.9/site-packages/gym/utils/seeding.py:47: DeprecationWarning: [33mWARN: Function `rng.randint(low, [high, size, dtype])` is marked as deprecated and will be removed in the future. Please use `rng.integers(low, [high, size, dtype])` instead.[0m
[2m[36m(pid=123672)[0m   deprecation(
[2m[36m(pid=123672)[0m /home/tgrinev/.local/lib/python3.9/site-packages/gym/utils/seeding.py:47: DeprecationWarning: [33mWARN: Function `rng.randint(low, [high, size, dtype])` is marked as deprecated and will be removed in the future. Please use `rng.integers(low, [high, size, dtype])` instead.[0m
[2m[36m(pid=123672)[0m   deprecation(
[2m[36m(pid=123672)[0m /home/tgrinev/jax_muzero/vec_env/shmem_vec_env.py:18: DeprecationWarning: `np.bool` is a deprecated alias for the builtin `bool`. To silence this warning, use `bool` by itself. Doing this will not modify any behavior and is safe. If you specifically wanted the numpy scalar type, use `np.bool_` here.
[2m[36m(pid=123672)[0m Deprecated in NumPy 1.20; for more details and guidance: https://numpy.org/devdocs/release/1.20.0-notes.html#deprecations
[2m[36m(pid=123672)[0m   np.bool: ctypes.c_bool}
[2m[36m(pid=123672)[0m /home/tgrinev/.local/lib/python3.9/site-packages/gym/utils/seeding.py:47: DeprecationWarning: [33mWARN: Function `rng.randint(low, [high, size, dtype])` is marked as deprecated and will be removed in the future. Please use `rng.integers(low, [high, size, dtype])` instead.[0m
[2m[36m(pid=123672)[0m   deprecation(
[2m[36m(pid=123672)[0m /home/tgrinev/.local/lib/python3.9/site-packages/gym/utils/seeding.py:47: DeprecationWarning: [33mWARN: Function `rng.randint(low, [high, size, dtype])` is marked as deprecated and will be removed in the future. Please use `rng.integers(low, [high, size, dtype])` instead.[0m
[2m[36m(pid=123672)[0m   deprecation(
[2m[36m(pid=123672)[0m /home/tgrinev/jax_muzero/vec_env/shmem_vec_env.py:18: DeprecationWarning: `np.bool` is a deprecated alias for the builtin `bool`. To silence this warning, use `bool` by itself. Doing this will not modify any behavior and is safe. If you specifically wanted the numpy scalar type, use `np.bool_` here.
[2m[36m(pid=123672)[0m Deprecated in NumPy 1.20; for more details and guidance: https://numpy.org/devdocs/release/1.20.0-notes.html#deprecations
[2m[36m(pid=123672)[0m   np.bool: ctypes.c_bool}
[2m[36m(pid=123672)[0m /home/tgrinev/jax_muzero/vec_env/shmem_vec_env.py:18: DeprecationWarning: `np.bool` is a deprecated alias for the builtin `bool`. To silence this warning, use `bool` by itself. Doing this will not modify any behavior and is safe. If you specifically wanted the numpy scalar type, use `np.bool_` here.
[2m[36m(pid=123672)[0m Deprecated in NumPy 1.20; for more details and guidance: https://numpy.org/devdocs/release/1.20.0-notes.html#deprecations
[2m[36m(pid=123672)[0m   np.bool: ctypes.c_bool}
[2m[36m(pid=123672)[0m /home/tgrinev/jax_muzero/vec_env/shmem_vec_env.py:18: DeprecationWarning: `np.bool` is a deprecated alias for the builtin `bool`. To silence this warning, use `bool` by itself. Doing this will not modify any behavior and is safe. If you specifically wanted the numpy scalar type, use `np.bool_` here.
[2m[36m(pid=123672)[0m Deprecated in NumPy 1.20; for more details and guidance: https://numpy.org/devdocs/release/1.20.0-notes.html#deprecations
[2m[36m(pid=123672)[0m   np.bool: ctypes.c_bool}
[2m[36m(pid=123672)[0m /home/tgrinev/jax_muzero/vec_env/shmem_vec_env.py:18: DeprecationWarning: `np.bool` is a deprecated alias for the builtin `bool`. To silence this warning, use `bool` by itself. Doing this will not modify any behavior and is safe. If you specifically wanted the numpy scalar type, use `np.bool_` here.
[2m[36m(pid=123672)[0m Deprecated in NumPy 1.20; for more details and guidance: https://numpy.org/devdocs/release/1.20.0-notes.html#deprecations
[2m[36m(pid=123672)[0m   np.bool: ctypes.c_bool}
[2m[36m(pid=123672)[0m /home/tgrinev/jax_muzero/vec_env/shmem_vec_env.py:18: DeprecationWarning: `np.bool` is a deprecated alias for the builtin `bool`. To silence this warning, use `bool` by itself. Doing this will not modify any behavior and is safe. If you specifically wanted the numpy scalar type, use `np.bool_` here.
[2m[36m(pid=123672)[0m Deprecated in NumPy 1.20; for more details and guidance: https://numpy.org/devdocs/release/1.20.0-notes.html#deprecations
[2m[36m(pid=123672)[0m   np.bool: ctypes.c_bool}
[2m[36m(pid=123672)[0m /home/tgrinev/jax_muzero/vec_env/shmem_vec_env.py:18: DeprecationWarning: `np.bool` is a deprecated alias for the builtin `bool`. To silence this warning, use `bool` by itself. Doing this will not modify any behavior and is safe. If you specifically wanted the numpy scalar type, use `np.bool_` here.
[2m[36m(pid=123672)[0m Deprecated in NumPy 1.20; for more details and guidance: https://numpy.org/devdocs/release/1.20.0-notes.html#deprecations
[2m[36m(pid=123672)[0m   np.bool: ctypes.c_bool}
[2m[36m(pid=123672)[0m /home/tgrinev/jax_muzero/vec_env/shmem_vec_env.py:18: DeprecationWarning: `np.bool` is a deprecated alias for the builtin `bool`. To silence this warning, use `bool` by itself. Doing this will not modify any behavior and is safe. If you specifically wanted the numpy scalar type, use `np.bool_` here.
[2m[36m(pid=123672)[0m Deprecated in NumPy 1.20; for more details and guidance: https://numpy.org/devdocs/release/1.20.0-notes.html#deprecations
[2m[36m(pid=123672)[0m   np.bool: ctypes.c_bool}
[2m[36m(pid=123672)[0m /home/tgrinev/jax_muzero/vec_env/shmem_vec_env.py:18: DeprecationWarning: `np.bool` is a deprecated alias for the builtin `bool`. To silence this warning, use `bool` by itself. Doing this will not modify any behavior and is safe. If you specifically wanted the numpy scalar type, use `np.bool_` here.
[2m[36m(pid=123672)[0m Deprecated in NumPy 1.20; for more details and guidance: https://numpy.org/devdocs/release/1.20.0-notes.html#deprecations
[2m[36m(pid=123672)[0m   np.bool: ctypes.c_bool}
[2m[36m(pid=123672)[0m /home/tgrinev/.local/lib/python3.9/site-packages/gym/utils/seeding.py:47: DeprecationWarning: [33mWARN: Function `rng.randint(low, [high, size, dtype])` is marked as deprecated and will be removed in the future. Please use `rng.integers(low, [high, size, dtype])` instead.[0m
[2m[36m(pid=123672)[0m   deprecation(
[2m[36m(pid=123672)[0m /home/tgrinev/.local/lib/python3.9/site-packages/gym/utils/seeding.py:47: DeprecationWarning: [33mWARN: Function `rng.randint(low, [high, size, dtype])` is marked as deprecated and will be removed in the future. Please use `rng.integers(low, [high, size, dtype])` instead.[0m
[2m[36m(pid=123672)[0m   deprecation(
[2m[36m(pid=123672)[0m /home/tgrinev/jax_muzero/vec_env/shmem_vec_env.py:18: DeprecationWarning: `np.bool` is a deprecated alias for the builtin `bool`. To silence this warning, use `bool` by itself. Doing this will not modify any behavior and is safe. If you specifically wanted the numpy scalar type, use `np.bool_` here.
[2m[36m(pid=123672)[0m Deprecated in NumPy 1.20; for more details and guidance: https://numpy.org/devdocs/release/1.20.0-notes.html#deprecations
[2m[36m(pid=123672)[0m   np.bool: ctypes.c_bool}
[2m[36m(pid=123672)[0m /home/tgrinev/jax_muzero/vec_env/shmem_vec_env.py:18: DeprecationWarning: `np.bool` is a deprecated alias for the builtin `bool`. To silence this warning, use `bool` by itself. Doing this will not modify any behavior and is safe. If you specifically wanted the numpy scalar type, use `np.bool_` here.
[2m[36m(pid=123672)[0m Deprecated in NumPy 1.20; for more details and guidance: https://numpy.org/devdocs/release/1.20.0-notes.html#deprecations
[2m[36m(pid=123672)[0m   np.bool: ctypes.c_bool}
[2m[36m(pid=123672)[0m /home/tgrinev/jax_muzero/vec_env/shmem_vec_env.py:18: DeprecationWarning: `np.bool` is a deprecated alias for the builtin `bool`. To silence this warning, use `bool` by itself. Doing this will not modify any behavior and is safe. If you specifically wanted the numpy scalar type, use `np.bool_` here.
[2m[36m(pid=123672)[0m Deprecated in NumPy 1.20; for more details and guidance: https://numpy.org/devdocs/release/1.20.0-notes.html#deprecations
[2m[36m(pid=123672)[0m   np.bool: ctypes.c_bool}
[2m[36m(pid=123672)[0m /home/tgrinev/.local/lib/python3.9/site-packages/gym/utils/seeding.py:47: DeprecationWarning: [33mWARN: Function `rng.randint(low, [high, size, dtype])` is marked as deprecated and will be removed in the future. Please use `rng.integers(low, [high, size, dtype])` instead.[0m
[2m[36m(pid=123672)[0m   deprecation(
[2m[36m(pid=123672)[0m /home/tgrinev/.local/lib/python3.9/site-packages/gym/utils/seeding.py:47: DeprecationWarning: [33mWARN: Function `rng.randint(low, [high, size, dtype])` is marked as deprecated and will be removed in the future. Please use `rng.integers(low, [high, size, dtype])` instead.[0m
[2m[36m(pid=123672)[0m   deprecation(
[2m[36m(pid=123672)[0m /home/tgrinev/.local/lib/python3.9/site-packages/gym/utils/seeding.py:47: DeprecationWarning: [33mWARN: Function `rng.randint(low, [high, size, dtype])` is marked as deprecated and will be removed in the future. Please use `rng.integers(low, [high, size, dtype])` instead.[0m
[2m[36m(pid=123672)[0m   deprecation(
[2m[36m(pid=123672)[0m /home/tgrinev/.local/lib/python3.9/site-packages/gym/utils/seeding.py:47: DeprecationWarning: [33mWARN: Function `rng.randint(low, [high, size, dtype])` is marked as deprecated and will be removed in the future. Please use `rng.integers(low, [high, size, dtype])` instead.[0m
[2m[36m(pid=123672)[0m   deprecation(
[2m[36m(pid=123672)[0m /home/tgrinev/.local/lib/python3.9/site-packages/gym/utils/seeding.py:47: DeprecationWarning: [33mWARN: Function `rng.randint(low, [high, size, dtype])` is marked as deprecated and will be removed in the future. Please use `rng.integers(low, [high, size, dtype])` instead.[0m
[2m[36m(pid=123672)[0m   deprecation(
[2m[36m(pid=123672)[0m /home/tgrinev/.local/lib/python3.9/site-packages/gym/utils/seeding.py:47: DeprecationWarning: [33mWARN: Function `rng.randint(low, [high, size, dtype])` is marked as deprecated and will be removed in the future. Please use `rng.integers(low, [high, size, dtype])` instead.[0m
[2m[36m(pid=123672)[0m   deprecation(
[2m[36m(pid=123672)[0m /home/tgrinev/.local/lib/python3.9/site-packages/gym/utils/seeding.py:47: DeprecationWarning: [33mWARN: Function `rng.randint(low, [high, size, dtype])` is marked as deprecated and will be removed in the future. Please use `rng.integers(low, [high, size, dtype])` instead.[0m
[2m[36m(pid=123672)[0m   deprecation(
[2m[36m(pid=123672)[0m /home/tgrinev/.local/lib/python3.9/site-packages/gym/utils/seeding.py:47: DeprecationWarning: [33mWARN: Function `rng.randint(low, [high, size, dtype])` is marked as deprecated and will be removed in the future. Please use `rng.integers(low, [high, size, dtype])` instead.[0m
[2m[36m(pid=123672)[0m   deprecation(
[2m[36m(pid=123672)[0m /home/tgrinev/.local/lib/python3.9/site-packages/gym/utils/seeding.py:47: DeprecationWarning: [33mWARN: Function `rng.randint(low, [high, size, dtype])` is marked as deprecated and will be removed in the future. Please use `rng.integers(low, [high, size, dtype])` instead.[0m
[2m[36m(pid=123672)[0m   deprecation(
[2m[36m(pid=123672)[0m /home/tgrinev/.local/lib/python3.9/site-packages/gym/utils/seeding.py:47: DeprecationWarning: [33mWARN: Function `rng.randint(low, [high, size, dtype])` is marked as deprecated and will be removed in the future. Please use `rng.integers(low, [high, size, dtype])` instead.[0m
[2m[36m(pid=123672)[0m   deprecation(
[2m[36m(pid=123672)[0m /home/tgrinev/.local/lib/python3.9/site-packages/gym/utils/seeding.py:47: DeprecationWarning: [33mWARN: Function `rng.randint(low, [high, size, dtype])` is marked as deprecated and will be removed in the future. Please use `rng.integers(low, [high, size, dtype])` instead.[0m
[2m[36m(pid=123672)[0m   deprecation(
[2m[36m(pid=123672)[0m /home/tgrinev/.local/lib/python3.9/site-packages/gym/utils/seeding.py:47: DeprecationWarning: [33mWARN: Function `rng.randint(low, [high, size, dtype])` is marked as deprecated and will be removed in the future. Please use `rng.integers(low, [high, size, dtype])` instead.[0m
[2m[36m(pid=123672)[0m   deprecation(
[2m[36m(pid=123672)[0m /home/tgrinev/.local/lib/python3.9/site-packages/gym/utils/seeding.py:47: DeprecationWarning: [33mWARN: Function `rng.randint(low, [high, size, dtype])` is marked as deprecated and will be removed in the future. Please use `rng.integers(low, [high, size, dtype])` instead.[0m
[2m[36m(pid=123672)[0m   deprecation(
[2m[36m(pid=123672)[0m /home/tgrinev/.local/lib/python3.9/site-packages/gym/utils/seeding.py:47: DeprecationWarning: [33mWARN: Function `rng.randint(low, [high, size, dtype])` is marked as deprecated and will be removed in the future. Please use `rng.integers(low, [high, size, dtype])` instead.[0m
[2m[36m(pid=123672)[0m   deprecation(
[2m[36m(pid=123672)[0m /home/tgrinev/.local/lib/python3.9/site-packages/gym/utils/seeding.py:47: DeprecationWarning: [33mWARN: Function `rng.randint(low, [high, size, dtype])` is marked as deprecated and will be removed in the future. Please use `rng.integers(low, [high, size, dtype])` instead.[0m
[2m[36m(pid=123672)[0m   deprecation(
[2m[36m(pid=123672)[0m /home/tgrinev/.local/lib/python3.9/site-packages/gym/utils/seeding.py:47: DeprecationWarning: [33mWARN: Function `rng.randint(low, [high, size, dtype])` is marked as deprecated and will be removed in the future. Please use `rng.integers(low, [high, size, dtype])` instead.[0m
[2m[36m(pid=123672)[0m   deprecation(
[2m[36m(pid=123672)[0m /home/tgrinev/.local/lib/python3.9/site-packages/gym/utils/seeding.py:47: DeprecationWarning: [33mWARN: Function `rng.randint(low, [high, size, dtype])` is marked as deprecated and will be removed in the future. Please use `rng.integers(low, [high, size, dtype])` instead.[0m
[2m[36m(pid=123672)[0m   deprecation(
[2m[36m(pid=123672)[0m /home/tgrinev/.local/lib/python3.9/site-packages/gym/utils/seeding.py:47: DeprecationWarning: [33mWARN: Function `rng.randint(low, [high, size, dtype])` is marked as deprecated and will be removed in the future. Please use `rng.integers(low, [high, size, dtype])` instead.[0m
[2m[36m(pid=123672)[0m   deprecation(
[2m[36m(pid=123672)[0m /home/tgrinev/.local/lib/python3.9/site-packages/gym/utils/seeding.py:47: DeprecationWarning: [33mWARN: Function `rng.randint(low, [high, size, dtype])` is marked as deprecated and will be removed in the future. Please use `rng.integers(low, [high, size, dtype])` instead.[0m
[2m[36m(pid=123672)[0m   deprecation(
[2m[36m(pid=123672)[0m /home/tgrinev/.local/lib/python3.9/site-packages/gym/utils/seeding.py:47: DeprecationWarning: [33mWARN: Function `rng.randint(low, [high, size, dtype])` is marked as deprecated and will be removed in the future. Please use `rng.integers(low, [high, size, dtype])` instead.[0m
[2m[36m(pid=123672)[0m   deprecation(
[2m[36m(pid=123672)[0m /home/tgrinev/.local/lib/python3.9/site-packages/gym/utils/seeding.py:47: DeprecationWarning: [33mWARN: Function `rng.randint(low, [high, size, dtype])` is marked as deprecated and will be removed in the future. Please use `rng.integers(low, [high, size, dtype])` instead.[0m
[2m[36m(pid=123672)[0m   deprecation(
[2m[36m(pid=123672)[0m 2022-04-26 10:28:18,375	INFO trainable.py:110 -- Trainable.setup took 10.180 seconds. If your trainable is slow to initialize, consider setting reuse_actors=True to reduce actor creation overheads.
[2m[36m(pid=123672)[0m /home/tgrinev/.local/lib/python3.9/site-packages/jax/_src/tree_util.py:188: FutureWarning: jax.tree_util.tree_multimap() is deprecated. Please use jax.tree_util.tree_map() instead as a drop-in replacement.
[2m[36m(pid=123672)[0m   warnings.warn('jax.tree_util.tree_multimap() is deprecated. Please use jax.tree_util.tree_map() '
[2m[36m(pid=123672)[0m 2022-04-26 10:30:28.850187: E external/org_tensorflow/tensorflow/compiler/xla/service/slow_operation_alarm.cc:61] 
[2m[36m(pid=123672)[0m ********************************
[2m[36m(pid=123672)[0m Very slow compile?  If you want to file a bug, run with envvar XLA_FLAGS=--xla_dump_to=/tmp/foo and attach the results.
[2m[36m(pid=123672)[0m Compiling module pmap_update.130
[2m[36m(pid=123672)[0m ********************************
[2m[36m(pid=123672)[0m /home/tgrinev/.local/lib/python3.9/site-packages/gym/utils/seeding.py:47: DeprecationWarning: [33mWARN: Function `rng.randint(low, [high, size, dtype])` is marked as deprecated and will be removed in the future. Please use `rng.integers(low, [high, size, dtype])` instead.[0m
[2m[36m(pid=123672)[0m   deprecation(
[2m[36m(pid=123672)[0m /home/tgrinev/.local/lib/python3.9/site-packages/gym/utils/seeding.py:47: DeprecationWarning: [33mWARN: Function `rng.randint(low, [high, size, dtype])` is marked as deprecated and will be removed in the future. Please use `rng.integers(low, [high, size, dtype])` instead.[0m
[2m[36m(pid=123672)[0m   deprecation(
wandb: Network error (ReadTimeout), entering retry loop.
wandb: Network error (ReadTimeout), entering retry loop.
wandb: Network error (ReadTimeout), entering retry loop.
wandb: Network error (ReadTimeout), entering retry loop.
2022-04-26 18:27:16,331	WARNING trial_runner.py:714 -- Trial Runner checkpointing failed: [Errno 2] No such file or directory: '/home/tgrinev/ray_results/minigrid_lieck_lieck/.tmp_generator' -> '/home/tgrinev/ray_results/minigrid_lieck_lieck/basic-variant-state-2022-04-26_10-28-02.json'
wandb: Network error (ReadTimeout), entering retry loop.
wandb: Network error (ReadTimeout), entering retry loop.
wandb: Network error (ReadTimeout), entering retry loop.
wandb: Network error (ReadTimeout), entering retry loop.
2022-04-27 00:34:20,785	WARNING ray_trial_executor.py:768 -- Over the last 60 seconds, the Tune event loop has been backlogged processing new results. Consider increasing your period of result reporting to improve performance.
2022-04-27 00:35:40,896	WARNING trial_runner.py:714 -- Trial Runner checkpointing failed: [Errno 2] No such file or directory: '/home/tgrinev/ray_results/minigrid_lieck_lieck/.tmp_checkpoint' -> '/home/tgrinev/ray_results/minigrid_lieck_lieck/experiment_state-2022-04-25_18-32-13.json'
2022-04-27 02:06:16,810	WARNING util.py:165 -- The `on_step_begin` operation took 0.551 s, which may be a performance bottleneck.
wandb: Network error (ReadTimeout), entering retry loop.
wandb: Network error (ReadTimeout), entering retry loop.
wandb: Network error (ReadTimeout), entering retry loop.
wandb: Network error (ReadTimeout), entering retry loop.
wandb: Network error (ReadTimeout), entering retry loop.
wandb: Network error (ReadTimeout), entering retry loop.
2022-04-27 10:03:47,119	WARNING trial_runner.py:714 -- Trial Runner checkpointing failed: [Errno 2] No such file or directory: '/home/tgrinev/ray_results/minigrid_lieck_lieck/.tmp_checkpoint' -> '/home/tgrinev/ray_results/minigrid_lieck_lieck/experiment_state-2022-04-26_10-28-02.json'
wandb: Network error (ReadTimeout), entering retry loop.
wandb: Network error (ReadTimeout), entering retry loop.
2022-04-27 12:18:30,577	WARNING util.py:165 -- The `on_step_begin` operation took 0.781 s, which may be a performance bottleneck.
wandb: Network error (ReadTimeout), entering retry loop.
wandb: Network error (ReadTimeout), entering retry loop.
2022-04-27 15:21:15,330	WARNING ray_trial_executor.py:768 -- Over the last 60 seconds, the Tune event loop has been backlogged processing new results. Consider increasing your period of result reporting to improve performance.
2022-04-27 16:02:06,334	WARNING ray_trial_executor.py:768 -- Over the last 60 seconds, the Tune event loop has been backlogged processing new results. Consider increasing your period of result reporting to improve performance.
2022-04-27 17:25:41,538	WARNING util.py:165 -- The `callbacks.on_trial_result` operation took 25.042 s, which may be a performance bottleneck.
2022-04-27 17:25:41,538	WARNING util.py:165 -- The `process_trial_result` operation took 25.043 s, which may be a performance bottleneck.
2022-04-27 17:25:41,538	WARNING util.py:165 -- Processing trial results took 25.043 s, which may be a performance bottleneck. Please consider reporting results less frequently to Ray Tune.
2022-04-27 17:25:41,539	WARNING util.py:165 -- The `process_trial` operation took 25.044 s, which may be a performance bottleneck.
wandb: Network error (ReadTimeout), entering retry loop.
wandb: Network error (ReadTimeout), entering retry loop.
slurmstepd: error: *** JOB 565959 ON cn-029 CANCELLED AT 2022-04-27T18:31:36 DUE TO TIME LIMIT ***
wandb: Network error (ReadTimeout), entering retry loop.
wandb: Network error (ReadTimeout), entering retry loop.
2022-04-27 22:36:33,331	WARNING util.py:165 -- The `callbacks.on_trial_result` operation took 1.393 s, which may be a performance bottleneck.
2022-04-27 22:36:33,354	WARNING util.py:165 -- The `process_trial_result` operation took 1.416 s, which may be a performance bottleneck.
2022-04-27 22:36:33,355	WARNING util.py:165 -- Processing trial results took 1.417 s, which may be a performance bottleneck. Please consider reporting results less frequently to Ray Tune.
2022-04-27 22:36:33,355	WARNING util.py:165 -- The `process_trial` operation took 1.433 s, which may be a performance bottleneck.
wandb: Network error (ReadTimeout), entering retry loop.
wandb: Network error (ReadTimeout), entering retry loop.
wandb: Network error (ReadTimeout), entering retry loop.
wandb: Network error (ReadTimeout), entering retry loop.
slurmstepd: error: *** JOB 567543 ON cn-026 CANCELLED AT 2022-04-28T10:27:28 DUE TO TIME LIMIT ***
