/home/tgrinev/jax_muzero/vec_env/shmem_vec_env.py:18: DeprecationWarning: `np.bool` is a deprecated alias for the builtin `bool`. To silence this warning, use `bool` by itself. Doing this will not modify any behavior and is safe. If you specifically wanted the numpy scalar type, use `np.bool_` here.
Deprecated in NumPy 1.20; for more details and guidance: https://numpy.org/devdocs/release/1.20.0-notes.html#deprecations
  np.bool: ctypes.c_bool}
/opt/software/python/anaconda/2021_11/lib/python3.9/site-packages/flatbuffers/compat.py:19: DeprecationWarning: the imp module is deprecated in favour of importlib; see the module's documentation for alternative uses
  import imp
wandb: Currently logged in as: green-of-tim (use `wandb login --relogin` to force relogin)
wandb: Tracking run with wandb version 0.12.13
wandb: Run data is saved locally in /home/tgrinev/jax_muzero/wandb/run-20220425_130414-tnxx5fkw
wandb: Run `wandb offline` to turn off syncing.
wandb: Syncing run vibrant-water-14
wandb: â­ï¸ View project at https://wandb.ai/green-of-tim/MuZero
wandb: ðŸš€ View run at https://wandb.ai/green-of-tim/MuZero/runs/tnxx5fkw
[34m[1mwandb[0m: [33mWARNING[0m Found log directory outside of given root_logdir, dropping given root_logdir for event file in /home/tgrinev/ray_results/minigrid_base_base/Experiment_Minigrid_19f6e_00000_0_2022-04-25_13-04-31
[2m[36m(pid=gcs_server)[0m [2022-04-25 13:04:32,282 C 4440 4443] redis_client.cc:87:  Check failed: under_retry_limit Expected 1 Redis shard addresses, found 2
[2m[36m(pid=gcs_server)[0m *** StackTrace Information ***
[2m[36m(pid=gcs_server)[0m     ray::SpdLogMessage::Flush()
[2m[36m(pid=gcs_server)[0m     ray::RayLog::~RayLog()
[2m[36m(pid=gcs_server)[0m     ray::gcs::GetRedisShards()
[2m[36m(pid=gcs_server)[0m     ray::gcs::RedisClient::Connect()
[2m[36m(pid=gcs_server)[0m     ray::gcs::RedisClient::Connect()
[2m[36m(pid=gcs_server)[0m     main::{lambda()#1}::operator()()
[2m[36m(pid=gcs_server)[0m     execute_native_thread_routine
[2m[36m(pid=gcs_server)[0m 
[2m[36m(pid=4546)[0m /home/tgrinev/jax_muzero/vec_env/shmem_vec_env.py:18: DeprecationWarning: `np.bool` is a deprecated alias for the builtin `bool`. To silence this warning, use `bool` by itself. Doing this will not modify any behavior and is safe. If you specifically wanted the numpy scalar type, use `np.bool_` here.
[2m[36m(pid=4546)[0m Deprecated in NumPy 1.20; for more details and guidance: https://numpy.org/devdocs/release/1.20.0-notes.html#deprecations
[2m[36m(pid=4546)[0m   np.bool: ctypes.c_bool}
[2m[36m(pid=4546)[0m /opt/software/python/anaconda/2021_11/lib/python3.9/site-packages/flatbuffers/compat.py:19: DeprecationWarning: the imp module is deprecated in favour of importlib; see the module's documentation for alternative uses
[2m[36m(pid=4546)[0m   import imp
[2m[36m(pid=4546)[0m WARNING:absl:No GPU/TPU found, falling back to CPU. (Set TF_CPP_MIN_LOG_LEVEL=0 and rerun for more info.)
[2m[36m(pid=4546)[0m WARNING:root:Running on 1 cpu(s)
[2m[36m(pid=4546)[0m /home/tgrinev/.local/lib/python3.9/site-packages/gym/utils/seeding.py:47: DeprecationWarning: [33mWARN: Function `rng.randint(low, [high, size, dtype])` is marked as deprecated and will be removed in the future. Please use `rng.integers(low, [high, size, dtype])` instead.[0m
[2m[36m(pid=4546)[0m   deprecation(
[2m[36m(pid=4546)[0m /home/tgrinev/jax_muzero/vec_env/dummy_vec_env.py:26: DeprecationWarning: `np.bool` is a deprecated alias for the builtin `bool`. To silence this warning, use `bool` by itself. Doing this will not modify any behavior and is safe. If you specifically wanted the numpy scalar type, use `np.bool_` here.
[2m[36m(pid=4546)[0m Deprecated in NumPy 1.20; for more details and guidance: https://numpy.org/devdocs/release/1.20.0-notes.html#deprecations
[2m[36m(pid=4546)[0m   self.buf_dones = np.zeros((self.num_envs,), dtype=np.bool)
[2m[36m(pid=4546)[0m /home/tgrinev/jax_muzero/vec_env/vec_frame_stack.py:15: DeprecationWarning: `np.bool` is a deprecated alias for the builtin `bool`. To silence this warning, use `bool` by itself. Doing this will not modify any behavior and is safe. If you specifically wanted the numpy scalar type, use `np.bool_` here.
[2m[36m(pid=4546)[0m Deprecated in NumPy 1.20; for more details and guidance: https://numpy.org/devdocs/release/1.20.0-notes.html#deprecations
[2m[36m(pid=4546)[0m   self.news = np.zeros((venv.num_envs,), dtype=np.bool)
[2m[36m(pid=4546)[0m WARNING:root:Creating dummy env object to get spaces
[2m[36m(pid=4546)[0m /home/tgrinev/jax_muzero/vec_env/shmem_vec_env.py:58: DeprecationWarning: `np.bool` is a deprecated alias for the builtin `bool`. To silence this warning, use `bool` by itself. Doing this will not modify any behavior and is safe. If you specifically wanted the numpy scalar type, use `np.bool_` here.
[2m[36m(pid=4546)[0m Deprecated in NumPy 1.20; for more details and guidance: https://numpy.org/devdocs/release/1.20.0-notes.html#deprecations
[2m[36m(pid=4546)[0m   raw_done_buf = alloc_shmem(ctx, (len(env_fns),), np.bool)
[2m[36m(pid=4546)[0m /home/tgrinev/jax_muzero/vec_env/shmem_vec_env.py:18: DeprecationWarning: `np.bool` is a deprecated alias for the builtin `bool`. To silence this warning, use `bool` by itself. Doing this will not modify any behavior and is safe. If you specifically wanted the numpy scalar type, use `np.bool_` here.
[2m[36m(pid=4546)[0m Deprecated in NumPy 1.20; for more details and guidance: https://numpy.org/devdocs/release/1.20.0-notes.html#deprecations
[2m[36m(pid=4546)[0m   np.bool: ctypes.c_bool}
[2m[36m(pid=4546)[0m /home/tgrinev/jax_muzero/vec_env/shmem_vec_env.py:18: DeprecationWarning: `np.bool` is a deprecated alias for the builtin `bool`. To silence this warning, use `bool` by itself. Doing this will not modify any behavior and is safe. If you specifically wanted the numpy scalar type, use `np.bool_` here.
[2m[36m(pid=4546)[0m Deprecated in NumPy 1.20; for more details and guidance: https://numpy.org/devdocs/release/1.20.0-notes.html#deprecations
[2m[36m(pid=4546)[0m   np.bool: ctypes.c_bool}
[2m[36m(pid=4546)[0m /home/tgrinev/jax_muzero/vec_env/shmem_vec_env.py:18: DeprecationWarning: `np.bool` is a deprecated alias for the builtin `bool`. To silence this warning, use `bool` by itself. Doing this will not modify any behavior and is safe. If you specifically wanted the numpy scalar type, use `np.bool_` here.
[2m[36m(pid=4546)[0m Deprecated in NumPy 1.20; for more details and guidance: https://numpy.org/devdocs/release/1.20.0-notes.html#deprecations
[2m[36m(pid=4546)[0m   np.bool: ctypes.c_bool}
[2m[36m(pid=4546)[0m /home/tgrinev/jax_muzero/vec_env/shmem_vec_env.py:18: DeprecationWarning: `np.bool` is a deprecated alias for the builtin `bool`. To silence this warning, use `bool` by itself. Doing this will not modify any behavior and is safe. If you specifically wanted the numpy scalar type, use `np.bool_` here.
[2m[36m(pid=4546)[0m Deprecated in NumPy 1.20; for more details and guidance: https://numpy.org/devdocs/release/1.20.0-notes.html#deprecations
[2m[36m(pid=4546)[0m   np.bool: ctypes.c_bool}
[2m[36m(pid=4546)[0m /home/tgrinev/jax_muzero/vec_env/shmem_vec_env.py:18: DeprecationWarning: `np.bool` is a deprecated alias for the builtin `bool`. To silence this warning, use `bool` by itself. Doing this will not modify any behavior and is safe. If you specifically wanted the numpy scalar type, use `np.bool_` here.
[2m[36m(pid=4546)[0m Deprecated in NumPy 1.20; for more details and guidance: https://numpy.org/devdocs/release/1.20.0-notes.html#deprecations
[2m[36m(pid=4546)[0m   np.bool: ctypes.c_bool}
[2m[36m(pid=4546)[0m /home/tgrinev/.local/lib/python3.9/site-packages/gym/utils/seeding.py:47: DeprecationWarning: [33mWARN: Function `rng.randint(low, [high, size, dtype])` is marked as deprecated and will be removed in the future. Please use `rng.integers(low, [high, size, dtype])` instead.[0m
[2m[36m(pid=4546)[0m   deprecation(
[2m[36m(pid=4546)[0m /home/tgrinev/.local/lib/python3.9/site-packages/gym/utils/seeding.py:47: DeprecationWarning: [33mWARN: Function `rng.randint(low, [high, size, dtype])` is marked as deprecated and will be removed in the future. Please use `rng.integers(low, [high, size, dtype])` instead.[0m
[2m[36m(pid=4546)[0m   deprecation(
[2m[36m(pid=4546)[0m /home/tgrinev/jax_muzero/vec_env/shmem_vec_env.py:18: DeprecationWarning: `np.bool` is a deprecated alias for the builtin `bool`. To silence this warning, use `bool` by itself. Doing this will not modify any behavior and is safe. If you specifically wanted the numpy scalar type, use `np.bool_` here.
[2m[36m(pid=4546)[0m Deprecated in NumPy 1.20; for more details and guidance: https://numpy.org/devdocs/release/1.20.0-notes.html#deprecations
[2m[36m(pid=4546)[0m   np.bool: ctypes.c_bool}
[2m[36m(pid=4546)[0m /home/tgrinev/jax_muzero/vec_env/shmem_vec_env.py:18: DeprecationWarning: `np.bool` is a deprecated alias for the builtin `bool`. To silence this warning, use `bool` by itself. Doing this will not modify any behavior and is safe. If you specifically wanted the numpy scalar type, use `np.bool_` here.
[2m[36m(pid=4546)[0m Deprecated in NumPy 1.20; for more details and guidance: https://numpy.org/devdocs/release/1.20.0-notes.html#deprecations
[2m[36m(pid=4546)[0m   np.bool: ctypes.c_bool}
[2m[36m(pid=4546)[0m /home/tgrinev/jax_muzero/vec_env/shmem_vec_env.py:18: DeprecationWarning: `np.bool` is a deprecated alias for the builtin `bool`. To silence this warning, use `bool` by itself. Doing this will not modify any behavior and is safe. If you specifically wanted the numpy scalar type, use `np.bool_` here.
[2m[36m(pid=4546)[0m Deprecated in NumPy 1.20; for more details and guidance: https://numpy.org/devdocs/release/1.20.0-notes.html#deprecations
[2m[36m(pid=4546)[0m   np.bool: ctypes.c_bool}
[2m[36m(pid=4546)[0m /home/tgrinev/.local/lib/python3.9/site-packages/gym/utils/seeding.py:47: DeprecationWarning: [33mWARN: Function `rng.randint(low, [high, size, dtype])` is marked as deprecated and will be removed in the future. Please use `rng.integers(low, [high, size, dtype])` instead.[0m
[2m[36m(pid=4546)[0m   deprecation(
[2m[36m(pid=4546)[0m /home/tgrinev/.local/lib/python3.9/site-packages/gym/utils/seeding.py:47: DeprecationWarning: [33mWARN: Function `rng.randint(low, [high, size, dtype])` is marked as deprecated and will be removed in the future. Please use `rng.integers(low, [high, size, dtype])` instead.[0m
[2m[36m(pid=4546)[0m   deprecation(
[2m[36m(pid=4546)[0m /home/tgrinev/jax_muzero/vec_env/shmem_vec_env.py:18: DeprecationWarning: `np.bool` is a deprecated alias for the builtin `bool`. To silence this warning, use `bool` by itself. Doing this will not modify any behavior and is safe. If you specifically wanted the numpy scalar type, use `np.bool_` here.
[2m[36m(pid=4546)[0m Deprecated in NumPy 1.20; for more details and guidance: https://numpy.org/devdocs/release/1.20.0-notes.html#deprecations
[2m[36m(pid=4546)[0m   np.bool: ctypes.c_bool}
[2m[36m(pid=4546)[0m /home/tgrinev/.local/lib/python3.9/site-packages/gym/utils/seeding.py:47: DeprecationWarning: [33mWARN: Function `rng.randint(low, [high, size, dtype])` is marked as deprecated and will be removed in the future. Please use `rng.integers(low, [high, size, dtype])` instead.[0m
[2m[36m(pid=4546)[0m   deprecation(
[2m[36m(pid=4546)[0m /home/tgrinev/jax_muzero/vec_env/shmem_vec_env.py:18: DeprecationWarning: `np.bool` is a deprecated alias for the builtin `bool`. To silence this warning, use `bool` by itself. Doing this will not modify any behavior and is safe. If you specifically wanted the numpy scalar type, use `np.bool_` here.
[2m[36m(pid=4546)[0m Deprecated in NumPy 1.20; for more details and guidance: https://numpy.org/devdocs/release/1.20.0-notes.html#deprecations
[2m[36m(pid=4546)[0m   np.bool: ctypes.c_bool}
[2m[36m(pid=4546)[0m /home/tgrinev/.local/lib/python3.9/site-packages/gym/utils/seeding.py:47: DeprecationWarning: [33mWARN: Function `rng.randint(low, [high, size, dtype])` is marked as deprecated and will be removed in the future. Please use `rng.integers(low, [high, size, dtype])` instead.[0m
[2m[36m(pid=4546)[0m   deprecation(
[2m[36m(pid=4546)[0m /home/tgrinev/jax_muzero/vec_env/shmem_vec_env.py:18: DeprecationWarning: `np.bool` is a deprecated alias for the builtin `bool`. To silence this warning, use `bool` by itself. Doing this will not modify any behavior and is safe. If you specifically wanted the numpy scalar type, use `np.bool_` here.
[2m[36m(pid=4546)[0m Deprecated in NumPy 1.20; for more details and guidance: https://numpy.org/devdocs/release/1.20.0-notes.html#deprecations
[2m[36m(pid=4546)[0m   np.bool: ctypes.c_bool}
[2m[36m(pid=4546)[0m /home/tgrinev/jax_muzero/vec_env/shmem_vec_env.py:18: DeprecationWarning: `np.bool` is a deprecated alias for the builtin `bool`. To silence this warning, use `bool` by itself. Doing this will not modify any behavior and is safe. If you specifically wanted the numpy scalar type, use `np.bool_` here.
[2m[36m(pid=4546)[0m Deprecated in NumPy 1.20; for more details and guidance: https://numpy.org/devdocs/release/1.20.0-notes.html#deprecations
[2m[36m(pid=4546)[0m   np.bool: ctypes.c_bool}
[2m[36m(pid=4546)[0m /home/tgrinev/.local/lib/python3.9/site-packages/gym/utils/seeding.py:47: DeprecationWarning: [33mWARN: Function `rng.randint(low, [high, size, dtype])` is marked as deprecated and will be removed in the future. Please use `rng.integers(low, [high, size, dtype])` instead.[0m
[2m[36m(pid=4546)[0m   deprecation(
[2m[36m(pid=4546)[0m /home/tgrinev/jax_muzero/vec_env/shmem_vec_env.py:18: DeprecationWarning: `np.bool` is a deprecated alias for the builtin `bool`. To silence this warning, use `bool` by itself. Doing this will not modify any behavior and is safe. If you specifically wanted the numpy scalar type, use `np.bool_` here.
[2m[36m(pid=4546)[0m Deprecated in NumPy 1.20; for more details and guidance: https://numpy.org/devdocs/release/1.20.0-notes.html#deprecations
[2m[36m(pid=4546)[0m   np.bool: ctypes.c_bool}
[2m[36m(pid=4546)[0m /home/tgrinev/jax_muzero/vec_env/shmem_vec_env.py:18: DeprecationWarning: `np.bool` is a deprecated alias for the builtin `bool`. To silence this warning, use `bool` by itself. Doing this will not modify any behavior and is safe. If you specifically wanted the numpy scalar type, use `np.bool_` here.
[2m[36m(pid=4546)[0m Deprecated in NumPy 1.20; for more details and guidance: https://numpy.org/devdocs/release/1.20.0-notes.html#deprecations
[2m[36m(pid=4546)[0m   np.bool: ctypes.c_bool}
[2m[36m(pid=4546)[0m /home/tgrinev/.local/lib/python3.9/site-packages/gym/utils/seeding.py:47: DeprecationWarning: [33mWARN: Function `rng.randint(low, [high, size, dtype])` is marked as deprecated and will be removed in the future. Please use `rng.integers(low, [high, size, dtype])` instead.[0m
[2m[36m(pid=4546)[0m   deprecation(
[2m[36m(pid=4546)[0m /home/tgrinev/jax_muzero/vec_env/shmem_vec_env.py:18: DeprecationWarning: `np.bool` is a deprecated alias for the builtin `bool`. To silence this warning, use `bool` by itself. Doing this will not modify any behavior and is safe. If you specifically wanted the numpy scalar type, use `np.bool_` here.
[2m[36m(pid=4546)[0m Deprecated in NumPy 1.20; for more details and guidance: https://numpy.org/devdocs/release/1.20.0-notes.html#deprecations
[2m[36m(pid=4546)[0m   np.bool: ctypes.c_bool}
[2m[36m(pid=4546)[0m /home/tgrinev/jax_muzero/vec_env/shmem_vec_env.py:18: DeprecationWarning: `np.bool` is a deprecated alias for the builtin `bool`. To silence this warning, use `bool` by itself. Doing this will not modify any behavior and is safe. If you specifically wanted the numpy scalar type, use `np.bool_` here.
[2m[36m(pid=4546)[0m Deprecated in NumPy 1.20; for more details and guidance: https://numpy.org/devdocs/release/1.20.0-notes.html#deprecations
[2m[36m(pid=4546)[0m   np.bool: ctypes.c_bool}
[2m[36m(pid=4546)[0m /home/tgrinev/jax_muzero/vec_env/shmem_vec_env.py:18: DeprecationWarning: `np.bool` is a deprecated alias for the builtin `bool`. To silence this warning, use `bool` by itself. Doing this will not modify any behavior and is safe. If you specifically wanted the numpy scalar type, use `np.bool_` here.
[2m[36m(pid=4546)[0m Deprecated in NumPy 1.20; for more details and guidance: https://numpy.org/devdocs/release/1.20.0-notes.html#deprecations
[2m[36m(pid=4546)[0m   np.bool: ctypes.c_bool}
[2m[36m(pid=4546)[0m /home/tgrinev/jax_muzero/vec_env/shmem_vec_env.py:18: DeprecationWarning: `np.bool` is a deprecated alias for the builtin `bool`. To silence this warning, use `bool` by itself. Doing this will not modify any behavior and is safe. If you specifically wanted the numpy scalar type, use `np.bool_` here.
[2m[36m(pid=4546)[0m Deprecated in NumPy 1.20; for more details and guidance: https://numpy.org/devdocs/release/1.20.0-notes.html#deprecations
[2m[36m(pid=4546)[0m   np.bool: ctypes.c_bool}
[2m[36m(pid=4546)[0m /home/tgrinev/.local/lib/python3.9/site-packages/gym/utils/seeding.py:47: DeprecationWarning: [33mWARN: Function `rng.randint(low, [high, size, dtype])` is marked as deprecated and will be removed in the future. Please use `rng.integers(low, [high, size, dtype])` instead.[0m
[2m[36m(pid=4546)[0m   deprecation(
[2m[36m(pid=4546)[0m /home/tgrinev/jax_muzero/vec_env/shmem_vec_env.py:18: DeprecationWarning: `np.bool` is a deprecated alias for the builtin `bool`. To silence this warning, use `bool` by itself. Doing this will not modify any behavior and is safe. If you specifically wanted the numpy scalar type, use `np.bool_` here.
[2m[36m(pid=4546)[0m Deprecated in NumPy 1.20; for more details and guidance: https://numpy.org/devdocs/release/1.20.0-notes.html#deprecations
[2m[36m(pid=4546)[0m   np.bool: ctypes.c_bool}
[2m[36m(pid=4546)[0m /home/tgrinev/jax_muzero/vec_env/shmem_vec_env.py:18: DeprecationWarning: `np.bool` is a deprecated alias for the builtin `bool`. To silence this warning, use `bool` by itself. Doing this will not modify any behavior and is safe. If you specifically wanted the numpy scalar type, use `np.bool_` here.
[2m[36m(pid=4546)[0m Deprecated in NumPy 1.20; for more details and guidance: https://numpy.org/devdocs/release/1.20.0-notes.html#deprecations
[2m[36m(pid=4546)[0m   np.bool: ctypes.c_bool}
[2m[36m(pid=4546)[0m /home/tgrinev/jax_muzero/vec_env/shmem_vec_env.py:18: DeprecationWarning: `np.bool` is a deprecated alias for the builtin `bool`. To silence this warning, use `bool` by itself. Doing this will not modify any behavior and is safe. If you specifically wanted the numpy scalar type, use `np.bool_` here.
[2m[36m(pid=4546)[0m Deprecated in NumPy 1.20; for more details and guidance: https://numpy.org/devdocs/release/1.20.0-notes.html#deprecations
[2m[36m(pid=4546)[0m   np.bool: ctypes.c_bool}
[2m[36m(pid=4546)[0m /home/tgrinev/.local/lib/python3.9/site-packages/gym/utils/seeding.py:47: DeprecationWarning: [33mWARN: Function `rng.randint(low, [high, size, dtype])` is marked as deprecated and will be removed in the future. Please use `rng.integers(low, [high, size, dtype])` instead.[0m
[2m[36m(pid=4546)[0m   deprecation(
[2m[36m(pid=4546)[0m /home/tgrinev/jax_muzero/vec_env/shmem_vec_env.py:18: DeprecationWarning: `np.bool` is a deprecated alias for the builtin `bool`. To silence this warning, use `bool` by itself. Doing this will not modify any behavior and is safe. If you specifically wanted the numpy scalar type, use `np.bool_` here.
[2m[36m(pid=4546)[0m Deprecated in NumPy 1.20; for more details and guidance: https://numpy.org/devdocs/release/1.20.0-notes.html#deprecations
[2m[36m(pid=4546)[0m   np.bool: ctypes.c_bool}
[2m[36m(pid=4546)[0m /home/tgrinev/.local/lib/python3.9/site-packages/gym/utils/seeding.py:47: DeprecationWarning: [33mWARN: Function `rng.randint(low, [high, size, dtype])` is marked as deprecated and will be removed in the future. Please use `rng.integers(low, [high, size, dtype])` instead.[0m
[2m[36m(pid=4546)[0m   deprecation(
[2m[36m(pid=4546)[0m /home/tgrinev/.local/lib/python3.9/site-packages/gym/utils/seeding.py:47: DeprecationWarning: [33mWARN: Function `rng.randint(low, [high, size, dtype])` is marked as deprecated and will be removed in the future. Please use `rng.integers(low, [high, size, dtype])` instead.[0m
[2m[36m(pid=4546)[0m   deprecation(
[2m[36m(pid=4546)[0m /home/tgrinev/jax_muzero/vec_env/shmem_vec_env.py:18: DeprecationWarning: `np.bool` is a deprecated alias for the builtin `bool`. To silence this warning, use `bool` by itself. Doing this will not modify any behavior and is safe. If you specifically wanted the numpy scalar type, use `np.bool_` here.
[2m[36m(pid=4546)[0m Deprecated in NumPy 1.20; for more details and guidance: https://numpy.org/devdocs/release/1.20.0-notes.html#deprecations
[2m[36m(pid=4546)[0m   np.bool: ctypes.c_bool}
[2m[36m(pid=4546)[0m /home/tgrinev/.local/lib/python3.9/site-packages/gym/utils/seeding.py:47: DeprecationWarning: [33mWARN: Function `rng.randint(low, [high, size, dtype])` is marked as deprecated and will be removed in the future. Please use `rng.integers(low, [high, size, dtype])` instead.[0m
[2m[36m(pid=4546)[0m   deprecation(
[2m[36m(pid=4546)[0m /home/tgrinev/jax_muzero/vec_env/shmem_vec_env.py:18: DeprecationWarning: `np.bool` is a deprecated alias for the builtin `bool`. To silence this warning, use `bool` by itself. Doing this will not modify any behavior and is safe. If you specifically wanted the numpy scalar type, use `np.bool_` here.
[2m[36m(pid=4546)[0m Deprecated in NumPy 1.20; for more details and guidance: https://numpy.org/devdocs/release/1.20.0-notes.html#deprecations
[2m[36m(pid=4546)[0m   np.bool: ctypes.c_bool}
[2m[36m(pid=4546)[0m /home/tgrinev/jax_muzero/vec_env/shmem_vec_env.py:18: DeprecationWarning: `np.bool` is a deprecated alias for the builtin `bool`. To silence this warning, use `bool` by itself. Doing this will not modify any behavior and is safe. If you specifically wanted the numpy scalar type, use `np.bool_` here.
[2m[36m(pid=4546)[0m Deprecated in NumPy 1.20; for more details and guidance: https://numpy.org/devdocs/release/1.20.0-notes.html#deprecations
[2m[36m(pid=4546)[0m   np.bool: ctypes.c_bool}
[2m[36m(pid=4546)[0m /home/tgrinev/.local/lib/python3.9/site-packages/gym/utils/seeding.py:47: DeprecationWarning: [33mWARN: Function `rng.randint(low, [high, size, dtype])` is marked as deprecated and will be removed in the future. Please use `rng.integers(low, [high, size, dtype])` instead.[0m
[2m[36m(pid=4546)[0m   deprecation(
[2m[36m(pid=4546)[0m /home/tgrinev/.local/lib/python3.9/site-packages/gym/utils/seeding.py:47: DeprecationWarning: [33mWARN: Function `rng.randint(low, [high, size, dtype])` is marked as deprecated and will be removed in the future. Please use `rng.integers(low, [high, size, dtype])` instead.[0m
[2m[36m(pid=4546)[0m   deprecation(
[2m[36m(pid=4546)[0m /home/tgrinev/.local/lib/python3.9/site-packages/gym/utils/seeding.py:47: DeprecationWarning: [33mWARN: Function `rng.randint(low, [high, size, dtype])` is marked as deprecated and will be removed in the future. Please use `rng.integers(low, [high, size, dtype])` instead.[0m
[2m[36m(pid=4546)[0m   deprecation(
[2m[36m(pid=4546)[0m /home/tgrinev/jax_muzero/vec_env/shmem_vec_env.py:18: DeprecationWarning: `np.bool` is a deprecated alias for the builtin `bool`. To silence this warning, use `bool` by itself. Doing this will not modify any behavior and is safe. If you specifically wanted the numpy scalar type, use `np.bool_` here.
[2m[36m(pid=4546)[0m Deprecated in NumPy 1.20; for more details and guidance: https://numpy.org/devdocs/release/1.20.0-notes.html#deprecations
[2m[36m(pid=4546)[0m   np.bool: ctypes.c_bool}
[2m[36m(pid=4546)[0m /home/tgrinev/.local/lib/python3.9/site-packages/gym/utils/seeding.py:47: DeprecationWarning: [33mWARN: Function `rng.randint(low, [high, size, dtype])` is marked as deprecated and will be removed in the future. Please use `rng.integers(low, [high, size, dtype])` instead.[0m
[2m[36m(pid=4546)[0m   deprecation(
[2m[36m(pid=4546)[0m /home/tgrinev/jax_muzero/vec_env/shmem_vec_env.py:18: DeprecationWarning: `np.bool` is a deprecated alias for the builtin `bool`. To silence this warning, use `bool` by itself. Doing this will not modify any behavior and is safe. If you specifically wanted the numpy scalar type, use `np.bool_` here.
[2m[36m(pid=4546)[0m Deprecated in NumPy 1.20; for more details and guidance: https://numpy.org/devdocs/release/1.20.0-notes.html#deprecations
[2m[36m(pid=4546)[0m   np.bool: ctypes.c_bool}
[2m[36m(pid=4546)[0m /home/tgrinev/jax_muzero/vec_env/shmem_vec_env.py:18: DeprecationWarning: `np.bool` is a deprecated alias for the builtin `bool`. To silence this warning, use `bool` by itself. Doing this will not modify any behavior and is safe. If you specifically wanted the numpy scalar type, use `np.bool_` here.
[2m[36m(pid=4546)[0m Deprecated in NumPy 1.20; for more details and guidance: https://numpy.org/devdocs/release/1.20.0-notes.html#deprecations
[2m[36m(pid=4546)[0m   np.bool: ctypes.c_bool}
[2m[36m(pid=4546)[0m /home/tgrinev/.local/lib/python3.9/site-packages/gym/utils/seeding.py:47: DeprecationWarning: [33mWARN: Function `rng.randint(low, [high, size, dtype])` is marked as deprecated and will be removed in the future. Please use `rng.integers(low, [high, size, dtype])` instead.[0m
[2m[36m(pid=4546)[0m   deprecation(
[2m[36m(pid=4546)[0m /home/tgrinev/jax_muzero/vec_env/shmem_vec_env.py:18: DeprecationWarning: `np.bool` is a deprecated alias for the builtin `bool`. To silence this warning, use `bool` by itself. Doing this will not modify any behavior and is safe. If you specifically wanted the numpy scalar type, use `np.bool_` here.
[2m[36m(pid=4546)[0m Deprecated in NumPy 1.20; for more details and guidance: https://numpy.org/devdocs/release/1.20.0-notes.html#deprecations
[2m[36m(pid=4546)[0m   np.bool: ctypes.c_bool}
[2m[36m(pid=4546)[0m /home/tgrinev/.local/lib/python3.9/site-packages/gym/utils/seeding.py:47: DeprecationWarning: [33mWARN: Function `rng.randint(low, [high, size, dtype])` is marked as deprecated and will be removed in the future. Please use `rng.integers(low, [high, size, dtype])` instead.[0m
[2m[36m(pid=4546)[0m   deprecation(
[2m[36m(pid=4546)[0m /home/tgrinev/.local/lib/python3.9/site-packages/gym/utils/seeding.py:47: DeprecationWarning: [33mWARN: Function `rng.randint(low, [high, size, dtype])` is marked as deprecated and will be removed in the future. Please use `rng.integers(low, [high, size, dtype])` instead.[0m
[2m[36m(pid=4546)[0m   deprecation(
[2m[36m(pid=4546)[0m /home/tgrinev/jax_muzero/vec_env/shmem_vec_env.py:18: DeprecationWarning: `np.bool` is a deprecated alias for the builtin `bool`. To silence this warning, use `bool` by itself. Doing this will not modify any behavior and is safe. If you specifically wanted the numpy scalar type, use `np.bool_` here.
[2m[36m(pid=4546)[0m Deprecated in NumPy 1.20; for more details and guidance: https://numpy.org/devdocs/release/1.20.0-notes.html#deprecations
[2m[36m(pid=4546)[0m   np.bool: ctypes.c_bool}
[2m[36m(pid=4546)[0m /home/tgrinev/jax_muzero/vec_env/shmem_vec_env.py:18: DeprecationWarning: `np.bool` is a deprecated alias for the builtin `bool`. To silence this warning, use `bool` by itself. Doing this will not modify any behavior and is safe. If you specifically wanted the numpy scalar type, use `np.bool_` here.
[2m[36m(pid=4546)[0m Deprecated in NumPy 1.20; for more details and guidance: https://numpy.org/devdocs/release/1.20.0-notes.html#deprecations
[2m[36m(pid=4546)[0m   np.bool: ctypes.c_bool}
[2m[36m(pid=4546)[0m /home/tgrinev/.local/lib/python3.9/site-packages/gym/utils/seeding.py:47: DeprecationWarning: [33mWARN: Function `rng.randint(low, [high, size, dtype])` is marked as deprecated and will be removed in the future. Please use `rng.integers(low, [high, size, dtype])` instead.[0m
[2m[36m(pid=4546)[0m   deprecation(
[2m[36m(pid=4546)[0m /home/tgrinev/.local/lib/python3.9/site-packages/gym/utils/seeding.py:47: DeprecationWarning: [33mWARN: Function `rng.randint(low, [high, size, dtype])` is marked as deprecated and will be removed in the future. Please use `rng.integers(low, [high, size, dtype])` instead.[0m
[2m[36m(pid=4546)[0m   deprecation(
[2m[36m(pid=4546)[0m /home/tgrinev/jax_muzero/vec_env/shmem_vec_env.py:18: DeprecationWarning: `np.bool` is a deprecated alias for the builtin `bool`. To silence this warning, use `bool` by itself. Doing this will not modify any behavior and is safe. If you specifically wanted the numpy scalar type, use `np.bool_` here.
[2m[36m(pid=4546)[0m Deprecated in NumPy 1.20; for more details and guidance: https://numpy.org/devdocs/release/1.20.0-notes.html#deprecations
[2m[36m(pid=4546)[0m   np.bool: ctypes.c_bool}
[2m[36m(pid=4546)[0m /home/tgrinev/.local/lib/python3.9/site-packages/gym/utils/seeding.py:47: DeprecationWarning: [33mWARN: Function `rng.randint(low, [high, size, dtype])` is marked as deprecated and will be removed in the future. Please use `rng.integers(low, [high, size, dtype])` instead.[0m
[2m[36m(pid=4546)[0m   deprecation(
[2m[36m(pid=4546)[0m /home/tgrinev/.local/lib/python3.9/site-packages/gym/utils/seeding.py:47: DeprecationWarning: [33mWARN: Function `rng.randint(low, [high, size, dtype])` is marked as deprecated and will be removed in the future. Please use `rng.integers(low, [high, size, dtype])` instead.[0m
[2m[36m(pid=4546)[0m   deprecation(
[2m[36m(pid=4546)[0m /home/tgrinev/.local/lib/python3.9/site-packages/gym/utils/seeding.py:47: DeprecationWarning: [33mWARN: Function `rng.randint(low, [high, size, dtype])` is marked as deprecated and will be removed in the future. Please use `rng.integers(low, [high, size, dtype])` instead.[0m
[2m[36m(pid=4546)[0m   deprecation(
[2m[36m(pid=4546)[0m /home/tgrinev/.local/lib/python3.9/site-packages/gym/utils/seeding.py:47: DeprecationWarning: [33mWARN: Function `rng.randint(low, [high, size, dtype])` is marked as deprecated and will be removed in the future. Please use `rng.integers(low, [high, size, dtype])` instead.[0m
[2m[36m(pid=4546)[0m   deprecation(
[2m[36m(pid=4546)[0m /home/tgrinev/.local/lib/python3.9/site-packages/gym/utils/seeding.py:47: DeprecationWarning: [33mWARN: Function `rng.randint(low, [high, size, dtype])` is marked as deprecated and will be removed in the future. Please use `rng.integers(low, [high, size, dtype])` instead.[0m
[2m[36m(pid=4546)[0m   deprecation(
[2m[36m(pid=4546)[0m /home/tgrinev/.local/lib/python3.9/site-packages/gym/utils/seeding.py:47: DeprecationWarning: [33mWARN: Function `rng.randint(low, [high, size, dtype])` is marked as deprecated and will be removed in the future. Please use `rng.integers(low, [high, size, dtype])` instead.[0m
[2m[36m(pid=4546)[0m   deprecation(
[2m[36m(pid=4546)[0m /home/tgrinev/.local/lib/python3.9/site-packages/gym/utils/seeding.py:47: DeprecationWarning: [33mWARN: Function `rng.randint(low, [high, size, dtype])` is marked as deprecated and will be removed in the future. Please use `rng.integers(low, [high, size, dtype])` instead.[0m
[2m[36m(pid=4546)[0m   deprecation(
[2m[36m(pid=4546)[0m /home/tgrinev/.local/lib/python3.9/site-packages/gym/utils/seeding.py:47: DeprecationWarning: [33mWARN: Function `rng.randint(low, [high, size, dtype])` is marked as deprecated and will be removed in the future. Please use `rng.integers(low, [high, size, dtype])` instead.[0m
[2m[36m(pid=4546)[0m   deprecation(
[2m[36m(pid=4546)[0m /home/tgrinev/.local/lib/python3.9/site-packages/gym/utils/seeding.py:47: DeprecationWarning: [33mWARN: Function `rng.randint(low, [high, size, dtype])` is marked as deprecated and will be removed in the future. Please use `rng.integers(low, [high, size, dtype])` instead.[0m
[2m[36m(pid=4546)[0m   deprecation(
[2m[36m(pid=4546)[0m /home/tgrinev/.local/lib/python3.9/site-packages/gym/utils/seeding.py:47: DeprecationWarning: [33mWARN: Function `rng.randint(low, [high, size, dtype])` is marked as deprecated and will be removed in the future. Please use `rng.integers(low, [high, size, dtype])` instead.[0m
[2m[36m(pid=4546)[0m   deprecation(
[2m[36m(pid=4546)[0m 2022-04-25 13:04:48,146	INFO trainable.py:110 -- Trainable.setup took 11.184 seconds. If your trainable is slow to initialize, consider setting reuse_actors=True to reduce actor creation overheads.
[2m[36m(pid=4546)[0m /home/tgrinev/.local/lib/python3.9/site-packages/jax/_src/tree_util.py:188: FutureWarning: jax.tree_util.tree_multimap() is deprecated. Please use jax.tree_util.tree_map() instead as a drop-in replacement.
[2m[36m(pid=4546)[0m   warnings.warn('jax.tree_util.tree_multimap() is deprecated. Please use jax.tree_util.tree_map() '
[2m[36m(pid=4546)[0m 2022-04-25 13:06:59.705733: E external/org_tensorflow/tensorflow/compiler/xla/service/slow_operation_alarm.cc:61] 
[2m[36m(pid=4546)[0m ********************************
[2m[36m(pid=4546)[0m Very slow compile?  If you want to file a bug, run with envvar XLA_FLAGS=--xla_dump_to=/tmp/foo and attach the results.
[2m[36m(pid=4546)[0m Compiling module pmap_update.130
[2m[36m(pid=4546)[0m ********************************
[2m[36m(pid=4546)[0m /home/tgrinev/.local/lib/python3.9/site-packages/gym/utils/seeding.py:47: DeprecationWarning: [33mWARN: Function `rng.randint(low, [high, size, dtype])` is marked as deprecated and will be removed in the future. Please use `rng.integers(low, [high, size, dtype])` instead.[0m
[2m[36m(pid=4546)[0m   deprecation(
[2m[36m(pid=4546)[0m /home/tgrinev/.local/lib/python3.9/site-packages/gym/utils/seeding.py:47: DeprecationWarning: [33mWARN: Function `rng.randint(low, [high, size, dtype])` is marked as deprecated and will be removed in the future. Please use `rng.integers(low, [high, size, dtype])` instead.[0m
[2m[36m(pid=4546)[0m   deprecation(
2022-04-25 16:33:54,774	WARNING util.py:165 -- The `on_step_begin` operation took 1.151 s, which may be a performance bottleneck.
2022-04-25 17:41:18,878	WARNING trial_runner.py:714 -- Trial Runner checkpointing failed: [Errno 2] No such file or directory: '/home/tgrinev/ray_results/minigrid_base_base/.tmp_checkpoint' -> '/home/tgrinev/ray_results/minigrid_base_base/experiment_state-2022-04-25_13-04-31.json'
2022-04-25 17:41:39,919	WARNING trial_runner.py:714 -- Trial Runner checkpointing failed: [Errno 2] No such file or directory: '/home/tgrinev/ray_results/minigrid_base_base/.tmp_checkpoint' -> '/home/tgrinev/ray_results/minigrid_base_base/experiment_state-2022-04-24_21-33-51.json'
2022-04-25 18:30:38,403	ERROR import_thread.py:88 -- ImportThread: Connection closed by server.
2022-04-25 18:30:38,484	ERROR worker.py:472 -- print_logs: Connection closed by server.
2022-04-25 18:30:38,484	ERROR worker.py:1230 -- listen_error_messages_raylet: Connection closed by server.
slurmstepd: error: *** JOB 565089 ON cn-004 CANCELLED AT 2022-04-25T18:31:04 ***
[2022-04-25 18:40:41,065 C 4259 5459] gcs_server_address_updater.cc:61: Failed to receive the GCS address from the raylet for 600 times. Killing itself.
*** StackTrace Information ***
    ray::SpdLogMessage::Flush()
    ray::RayLog::~RayLog()
    std::_Function_handler<>::_M_invoke()
    ray::rpc::ClientCallImpl<>::OnReplyReceived()
    std::_Function_handler<>::_M_invoke()
    boost::asio::detail::completion_handler<>::do_complete()
    boost::asio::detail::scheduler::do_run_one()
    boost::asio::detail::scheduler::run()
    boost::asio::io_context::run()
    std::thread::_State_impl<>::_M_run()
    execute_native_thread_routine

